#
# A fatal error has been detected by the Java Runtime Environment:
#
#  EXCEPTION_ACCESS_VIOLATION (0xc0000005) at pc=0x000000006263b510, pid=1032, tid=0x000000000000355c
#
# JRE version: Java(TM) SE Runtime Environment (8.0_202-b08) (build 1.8.0_202-b08)
# Java VM: Java HotSpot(TM) 64-Bit Server VM (25.202-b08 mixed mode windows-amd64 compressed oops)
# Problematic frame:
# V  [jvm.dll+0x23b510]
#
# Failed to write core dump. Minidumps are not enabled by default on client versions of Windows
#
# If you would like to submit a bug report, please visit:
#   http://bugreport.java.com/bugreport/crash.jsp
#

---------------  T H R E A D  ---------------

Current thread (0x000000000287e800):  JavaThread "main" [_thread_in_vm, id=13660, stack(0x00000000026b0000,0x00000000027b0000)]

siginfo: ExceptionCode=0xc0000005, reading address 0x00000000ed724736

Registers:
RAX=0x00000000fdf26f36, RBX=0x000000000287e800, RCX=0x00000000cfe21a16, RDX=0x000000001d902d20
RSP=0x00000000027af3e8, RBP=0x0000000000000000, RSI=0x0000000000000014, RDI=0x0000000000000000
R8 =0x000000000000000a, R9 =0x000000001d902d20, R10=0x0000000002998c3b, R11=0x000000006262cf20
R12=0x00000000ed724736, R13=0x000000001b5df210, R14=0x00000000027af540, R15=0x000000000287e800
RIP=0x000000006263b510, EFLAGS=0x0000000000010202

Top of Stack: (sp=0x00000000027af3e8)
0x00000000027af3e8:   00000000625e4da7 0000000002987da0
0x00000000027af3f8:   0000000002998ad7 000000001b5df210
0x00000000027af408:   000000000287e800 000000001b5df210
0x00000000027af418:   000000000e72f000 0000000000000000
0x00000000027af428:   0000000002998c67 0000000002987da0
0x00000000027af438:   000000001b5df210 00000000027af4e0
0x00000000027af448:   000000000e72f000 0000000000000000
0x00000000027af458:   000000001d902d20 0000000000000014
0x00000000027af468:   000000000299899d 000000000287e800
0x00000000027af478:   000000001b5df210 000000000e72f000
0x00000000027af488:   000000000287e800 00000000027af5c8
0x00000000027af498:   0000000002998962 00000000027af4a0
0x00000000027af4a8:   000000001b5df210 00000000027af540
0x00000000027af4b8:   000000001b60c588 0000000000000000
0x00000000027af4c8:   000000001b5df210 0000000000000000
0x00000000027af4d8:   00000000027af500 00000000027af588 

Instructions: (pc=0x000000006263b510)
0x000000006263b4f0:   48 8b c2 48 8b d1 48 8b c8 48 ff 25 c0 70 3a 00
0x000000006263b500:   48 3b ca 76 1e 4d 85 c0 74 48 48 2b ca 0f 1f 00
0x000000006263b510:   0f b7 04 11 48 83 c2 02 49 ff c8 66 89 42 fe 75
0x000000006263b520:   ef f3 c3 4e 8d 4c 41 fe 4a 8d 4c 42 fe 4d 85 c0 


Register to memory mapping:

RAX=0x00000000fdf26f36 is an unknown value
RBX=0x000000000287e800 is a thread
RCX=0x00000000cfe21a16 is an unknown value
RDX=0x000000001d902d20 is an unknown value
RSP=0x00000000027af3e8 is pointing into the stack for thread: 0x000000000287e800
RBP=0x0000000000000000 is an unknown value
RSI=0x0000000000000014 is an unknown value
RDI=0x0000000000000000 is an unknown value
R8 =0x000000000000000a is an unknown value
R9 =0x000000001d902d20 is an unknown value
R10=0x0000000002998c3b is at code_begin+891 in an Interpreter codelet
method entry point (kind = native)  [0x00000000029988c0, 0x0000000002999280]  2496 bytes
R11=0x000000006262cf20 is an unknown value
R12=0x00000000ed724736 is an unknown value
R13={method} {0x000000001b5df218} 'copyMemory' '(Ljava/lang/Object;JLjava/lang/Object;JJ)V' in 'sun/misc/Unsafe'
R14=0x00000000027af540 is pointing into the stack for thread: 0x000000000287e800
R15=0x000000000287e800 is a thread


Stack: [0x00000000026b0000,0x00000000027b0000],  sp=0x00000000027af3e8,  free space=1020k
Native frames: (J=compiled Java code, j=interpreted, Vv=VM code, C=native code)

Java frames: (J=compiled Java code, j=interpreted, Vv=VM code)
j  sun.misc.Unsafe.copyMemory(Ljava/lang/Object;JLjava/lang/Object;JJ)V+0
j  sun.misc.Unsafe.copyMemory(JJJ)V+7
j  coordinate.unsafe.SuperIntegerArray.copyFrom([IJ)V+20
j  basic.TestUnsafe.test2()V+38
j  basic.TestUnsafe.main([Ljava/lang/String;)V+0
v  ~StubRoutines::call_stub

---------------  P R O C E S S  ---------------

Java Threads: ( => current thread )
  0x000000001dbdb800 JavaThread "Sweeper cleaner" daemon [_thread_blocked, id=14792, stack(0x000000001de50000,0x000000001df50000)]
  0x000000001d880800 JavaThread "Service Thread" daemon [_thread_blocked, id=21396, stack(0x000000001dc50000,0x000000001dd50000)]
  0x000000001bf0e800 JavaThread "C1 CompilerThread2" daemon [_thread_blocked, id=8176, stack(0x000000001d750000,0x000000001d850000)]
  0x000000001bf09000 JavaThread "C2 CompilerThread1" daemon [_thread_blocked, id=9496, stack(0x000000001d650000,0x000000001d750000)]
  0x000000001bf05800 JavaThread "C2 CompilerThread0" daemon [_thread_blocked, id=13936, stack(0x000000001d550000,0x000000001d650000)]
  0x000000001bf03000 JavaThread "Attach Listener" daemon [_thread_blocked, id=9776, stack(0x000000001d450000,0x000000001d550000)]
  0x000000001bf01800 JavaThread "Signal Dispatcher" daemon [_thread_blocked, id=32, stack(0x000000001d350000,0x000000001d450000)]
  0x000000000297a800 JavaThread "Finalizer" daemon [_thread_blocked, id=15684, stack(0x000000001d150000,0x000000001d250000)]
  0x000000001beea000 JavaThread "Reference Handler" daemon [_thread_blocked, id=6148, stack(0x000000001d050000,0x000000001d150000)]
=>0x000000000287e800 JavaThread "main" [_thread_in_vm, id=13660, stack(0x00000000026b0000,0x00000000027b0000)]

Other Threads:
  0x000000001bec8000 VMThread [stack: 0x000000001cf50000,0x000000001d050000] [id=15572]
  0x000000001d89a000 WatcherThread [stack: 0x000000001dd50000,0x000000001de50000] [id=13752]

VM state:not at safepoint (normal execution)

VM Mutex/Monitor currently owned by a thread: None

heap address: 0x00000006c2200000, size: 4062 MB, Compressed Oops mode: Zero based, Oop shift amount: 3
Narrow klass base: 0x0000000000000000, Narrow klass shift: 3
Compressed class space size: 1073741824 Address: 0x00000007c0000000

Heap:
 PSYoungGen      total 75776K, used 3901K [0x000000076b600000, 0x0000000770a80000, 0x00000007c0000000)
  eden space 65024K, 6% used [0x000000076b600000,0x000000076b9cf630,0x000000076f580000)
  from space 10752K, 0% used [0x0000000770000000,0x0000000770000000,0x0000000770a80000)
  to   space 10752K, 0% used [0x000000076f580000,0x000000076f580000,0x0000000770000000)
 ParOldGen       total 173568K, used 0K [0x00000006c2200000, 0x00000006ccb80000, 0x000000076b600000)
  object space 173568K, 0% used [0x00000006c2200000,0x00000006c2200000,0x00000006ccb80000)
 Metaspace       used 3612K, capacity 4720K, committed 4864K, reserved 1056768K
  class space    used 410K, capacity 463K, committed 512K, reserved 1048576K

Card table byte_map: [0x0000000011d40000,0x0000000012530000] byte_map_base: 0x000000000e72f000

Marking Bits: (ParMarkBitMap*) 0x0000000062c25ce0
 Begin Bits: [0x0000000012e80000, 0x0000000016df8000)
 End Bits:   [0x0000000016df8000, 0x000000001ad70000)

Polling page: 0x0000000000fc0000

CodeCache: size=245760Kb used=1415Kb max_used=1424Kb free=244344Kb
 bounds [0x0000000002980000, 0x0000000002bf0000, 0x0000000011980000]
 total_blobs=449 nmethods=193 adapters=169
 compilation: enabled

Compilation events (10 events):
Event: 0.132 Thread 0x000000001bf0e800 nmethod 169 0x0000000002ae0190 code [0x0000000002ae02e0, 0x0000000002ae03f0]
Event: 0.132 Thread 0x000000001bf0e800  189       3       java.util.AbstractCollection::<init> (5 bytes)
Event: 0.132 Thread 0x000000001bf0e800 nmethod 189 0x0000000002ae0450 code [0x0000000002ae05a0, 0x0000000002ae0750]
Event: 0.132 Thread 0x000000001bf0e800  190       3       jdk.internal.org.objectweb.asm.ByteVector::enlarge (51 bytes)
Event: 0.132 Thread 0x000000001bf0e800 nmethod 190 0x0000000002ae0810 code [0x0000000002ae0980, 0x0000000002ae0ca8]
Event: 0.133 Thread 0x000000001bf05800 nmethod 185 0x0000000002ae3f90 code [0x0000000002ae40e0, 0x0000000002ae4358]
Event: 0.133 Thread 0x000000001bf0e800  192       3       sun.reflect.misc.ReflectUtil::isVMAnonymousClass (19 bytes)
Event: 0.133 Thread 0x000000001bf0e800 nmethod 192 0x0000000002ae3650 code [0x0000000002ae37e0, 0x0000000002ae3d38]
Event: 0.133 Thread 0x000000001bf0e800  193       1       java.lang.invoke.MethodTypeForm::basicType (5 bytes)
Event: 0.133 Thread 0x000000001bf0e800 nmethod 193 0x0000000002ae3390 code [0x0000000002ae34e0, 0x0000000002ae35f0]

GC Heap History (0 events):
No events

Deoptimization events (0 events):
No events

Classes redefined (0 events):
No events

Internal exceptions (4 events):
Event: 0.030 Thread 0x000000000287e800 Exception <a 'java/lang/NoSuchMethodError': Method sun.misc.Unsafe.defineClass(Ljava/lang/String;[BII)Ljava/lang/Class; name or signature does not match> (0x000000076b607cb0) thrown at [C:\re\workspace\8-2-build-windows-amd64-cygwin\jdk8u202\12323\hotspot
Event: 0.030 Thread 0x000000000287e800 Exception <a 'java/lang/NoSuchMethodError': Method sun.misc.Unsafe.prefetchRead(Ljava/lang/Object;J)V name or signature does not match> (0x000000076b607f98) thrown at [C:\re\workspace\8-2-build-windows-amd64-cygwin\jdk8u202\12323\hotspot\src\share\vm\prim
Event: 0.119 Thread 0x000000000287e800 Exception <a 'java/lang/NoSuchFieldError': method resolution failed> (0x000000076b89a8e0) thrown at [C:\re\workspace\8-2-build-windows-amd64-cygwin\jdk8u202\12323\hotspot\src\share\vm\prims\methodHandles.cpp, line 1167]
Event: 0.120 Thread 0x000000000287e800 Exception <a 'java/lang/NoSuchFieldError': method resolution failed> (0x000000076b8a7c60) thrown at [C:\re\workspace\8-2-build-windows-amd64-cygwin\jdk8u202\12323\hotspot\src\share\vm\prims\methodHandles.cpp, line 1167]

Events (10 events):
Event: 0.132 loading class java/lang/invoke/InfoFromMemberName done
Event: 0.132 loading class java/lang/invoke/InnerClassLambdaMetafactory$ForwardingMethodGenerator
Event: 0.132 loading class java/lang/invoke/TypeConvertingMethodAdapter
Event: 0.132 loading class java/lang/invoke/TypeConvertingMethodAdapter done
Event: 0.132 loading class java/lang/invoke/InnerClassLambdaMetafactory$ForwardingMethodGenerator done
Event: 0.133 Thread 0x000000001dbdb800 Thread added: 0x000000001dbdb800
Event: 0.133 loading class coordinate/unsafe/SuperIntegerArray
Event: 0.133 loading class coordinate/unsafe/SuperIntegerArray done
Event: 0.133 loading class coordinate/utility/Sweeper$SweeperRef
Event: 0.133 loading class coordinate/utility/Sweeper$SweeperRef done


Dynamic libraries:
0x00007ff6f4bb0000 - 0x00007ff6f4be7000 	C:\Program Files\Java\jdk1.8.0_202\bin\java.exe
0x00007ffc34630000 - 0x00007ffc34828000 	C:\WINDOWS\SYSTEM32\ntdll.dll
0x00007ffc33440000 - 0x00007ffc334ff000 	C:\WINDOWS\System32\KERNEL32.DLL
0x00007ffc31ee0000 - 0x00007ffc321d6000 	C:\WINDOWS\System32\KERNELBASE.dll
0x00007ffc34490000 - 0x00007ffc3453f000 	C:\WINDOWS\System32\ADVAPI32.dll
0x00007ffc32690000 - 0x00007ffc3272e000 	C:\WINDOWS\System32\msvcrt.dll
0x00007ffc32b40000 - 0x00007ffc32bdc000 	C:\WINDOWS\System32\sechost.dll
0x00007ffc33a20000 - 0x00007ffc33b46000 	C:\WINDOWS\System32\RPCRT4.dll
0x00007ffc33290000 - 0x00007ffc3342d000 	C:\WINDOWS\System32\USER32.dll
0x00007ffc32250000 - 0x00007ffc32272000 	C:\WINDOWS\System32\win32u.dll
0x00007ffc34540000 - 0x00007ffc3456c000 	C:\WINDOWS\System32\GDI32.dll
0x00007ffc324e0000 - 0x00007ffc325f5000 	C:\WINDOWS\System32\gdi32full.dll
0x00007ffc31d10000 - 0x00007ffc31dad000 	C:\WINDOWS\System32\msvcp_win.dll
0x00007ffc31db0000 - 0x00007ffc31eb0000 	C:\WINDOWS\System32\ucrtbase.dll
0x00007ffc1e280000 - 0x00007ffc1e51a000 	C:\WINDOWS\WinSxS\amd64_microsoft.windows.common-controls_6595b64144ccf1df_6.0.19041.1110_none_60b5254171f9507e\COMCTL32.dll
0x00007ffc32b10000 - 0x00007ffc32b40000 	C:\WINDOWS\System32\IMM32.DLL
0x0000000062320000 - 0x00000000623f2000 	C:\Program Files\Java\jdk1.8.0_202\jre\bin\msvcr100.dll
0x0000000062400000 - 0x0000000062ca5000 	C:\Program Files\Java\jdk1.8.0_202\jre\bin\server\jvm.dll
0x00007ffc32fa0000 - 0x00007ffc32fa8000 	C:\WINDOWS\System32\PSAPI.DLL
0x00007ffc2b020000 - 0x00007ffc2b029000 	C:\WINDOWS\SYSTEM32\WSOCK32.dll
0x00007ffc2d830000 - 0x00007ffc2d857000 	C:\WINDOWS\SYSTEM32\WINMM.dll
0x00007ffc2bdb0000 - 0x00007ffc2bdba000 	C:\WINDOWS\SYSTEM32\VERSION.dll
0x00007ffc32aa0000 - 0x00007ffc32b0b000 	C:\WINDOWS\System32\WS2_32.dll
0x00007ffc2b010000 - 0x00007ffc2b01f000 	C:\Program Files\Java\jdk1.8.0_202\jre\bin\verify.dll
0x00007ffc22940000 - 0x00007ffc22969000 	C:\Program Files\Java\jdk1.8.0_202\jre\bin\java.dll
0x00007ffc22920000 - 0x00007ffc22936000 	C:\Program Files\Java\jdk1.8.0_202\jre\bin\zip.dll
0x00007ffc33b50000 - 0x00007ffc34294000 	C:\WINDOWS\System32\SHELL32.dll
0x00007ffc2fde0000 - 0x00007ffc30573000 	C:\WINDOWS\SYSTEM32\windows.storage.dll
0x00007ffc32740000 - 0x00007ffc32a94000 	C:\WINDOWS\System32\combase.dll
0x00007ffc31680000 - 0x00007ffc316ae000 	C:\WINDOWS\SYSTEM32\Wldp.dll
0x00007ffc32c40000 - 0x00007ffc32ced000 	C:\WINDOWS\System32\SHCORE.dll
0x00007ffc32f40000 - 0x00007ffc32f95000 	C:\WINDOWS\System32\shlwapi.dll
0x00007ffc31c50000 - 0x00007ffc31c6f000 	C:\WINDOWS\SYSTEM32\profapi.dll
0x00007ffc2a260000 - 0x00007ffc2a444000 	C:\WINDOWS\SYSTEM32\dbghelp.dll
0x00007ffc32600000 - 0x00007ffc32682000 	C:\WINDOWS\System32\bcryptPrimitives.dll

VM Arguments:
jvm_args: -Dfile.encoding=UTF-8 
java_command: basic.TestUnsafe
java_class_path (initial): C:\Users\user\Documents\Java\JNA\jna-5.8.0.jar;C:\Users\user\Documents\Java\JNA\jna-platform-5.8.0.jar;C:\Users\user\Documents\GitHub\Coordinate\build\classes;C:\Users\user\Documents\GitHub\Coordinate\build\test\classes
Launcher Type: SUN_STANDARD

Environment Variables:
JAVA_HOME=C:\Program Files\Java\jdk1.8.0_144
PATH=C:\Program Files (x86)\Common Files\Intel\Shared Libraries\redist\intel64\mpirt;C:\Program Files (x86)\Common Files\Intel\Shared Libraries\redist\intel64\compiler;C:\Program Files (x86)\Common Files\Oracle\Java\javapath;C:\ProgramData\Oracle\Java\javapath;C:\WINDOWS\system32;C:\WINDOWS;C:\WINDOWS\System32\Wbem;C:\WINDOWS\System32\WindowsPowerShell\v1.0\;C:\Program Files\LuxRender;C:\WINDOWS\System32\OpenSSH\;C:\Program Files\apache-maven-3.6.3\bin;C:\Program Files\Microsoft SQL Server\120\Tools\Binn\;C:\Program Files\nodejs\;C:\Users\user\AppData\Local\Microsoft\WindowsApps;C:\Users\user\AppData\Local\GitHubDesktop\bin;C:\Users\user\AppData\Local\Microsoft\WindowsApps;;C:\Users\user\AppData\Local\Programs\Microsoft VS Code\bin;C:\Users\user\AppData\Roaming\npm
USERNAME=user
OS=Windows_NT
PROCESSOR_IDENTIFIER=Intel64 Family 6 Model 94 Stepping 3, GenuineIntel



---------------  S Y S T E M  ---------------

OS: Windows 10.0 , 64 bit Build 19041 (10.0.19041.3031)

CPU:total 4 (initial active 4) (4 cores per cpu, 1 threads per core) family 6 model 94 stepping 3, cmov, cx8, fxsr, mmx, sse, sse2, sse3, ssse3, sse4.1, sse4.2, popcnt, avx, avx2, aes, clmul, erms, 3dnowpref, lzcnt, tsc, tscinvbit, bmi1, bmi2, adx

Memory: 4k page, physical 16633860k(7703112k free), swap 20969072k(6484604k free)

vm_info: Java HotSpot(TM) 64-Bit Server VM (25.202-b08) for windows-amd64 JRE (1.8.0_202-b08), built on Dec 15 2018 19:54:30 by "java_re" with MS VC++ 10.0 (VS2010)

time: Mon Jul 10 00:20:27 2023
timezone: E. Africa Standard Time
elapsed time: 0 seconds (0d 0h 0m 0s)

