#
# A fatal error has been detected by the Java Runtime Environment:
#
#  EXCEPTION_ACCESS_VIOLATION (0xc0000005) at pc=0x000000006235bfe0, pid=12612, tid=0x0000000000002ac4
#
# JRE version: Java(TM) SE Runtime Environment (8.0_202-b08) (build 1.8.0_202-b08)
# Java VM: Java HotSpot(TM) 64-Bit Server VM (25.202-b08 mixed mode windows-amd64 compressed oops)
# Problematic frame:
# C  [msvcr100.dll+0x3bfe0]
#
# Failed to write core dump. Minidumps are not enabled by default on client versions of Windows
#
# If you would like to submit a bug report, please visit:
#   http://bugreport.java.com/bugreport/crash.jsp
#

---------------  T H R E A D  ---------------

Current thread (0x0000000002a6e800):  JavaThread "main" [_thread_in_vm, id=10948, stack(0x0000000002b30000,0x0000000002c30000)]

siginfo: ExceptionCode=0xc0000005, reading address 0x00000000ed72473d

Registers:
RAX=0x00000000fdfaff7d, RBX=0x0000000002a6e800, RCX=0x000000001dcabf50, RDX=0x00000000cfa787ed
RSP=0x0000000002c2eff8, RBP=0x0000000000000000, RSI=0x0000000000000004, RDI=0x0000000000000000
R8 =0x0000000000000004, R9 =0x000000001dcabf50, R10=0x0000000002d48c3b, R11=0x000000001dcabf50
R12=0x00000000ed72473d, R13=0x000000001b98f210, R14=0x0000000002c2f180, R15=0x0000000002a6e800
RIP=0x000000006235bfe0, EFLAGS=0x0000000000010202

Top of Stack: (sp=0x0000000002c2eff8)
0x0000000002c2eff8:   0000000062678643 00000000000003d8
0x0000000002c2f008:   0000000002c320a0 0000000002c32478
0x0000000002c2f018:   000000001b98bb30 000000001b98f210
0x0000000002c2f028:   00000000625e4da7 0000000002d37da0
0x0000000002c2f038:   0000000002d48ad7 000000001b98f210
0x0000000002c2f048:   0000000002a6e800 000000001b98f210
0x0000000002c2f058:   000000000eadf000 0000000000000000
0x0000000002c2f068:   0000000002d48c67 0000000002d37da0
0x0000000002c2f078:   000000001b98f210 0000000002c2f120
0x0000000002c2f088:   000000000eadf000 0000000000000000
0x0000000002c2f098:   000000001dcabf50 0000000000000004
0x0000000002c2f0a8:   0000000002d4899d 0000000002a6e800
0x0000000002c2f0b8:   000000001b98f210 000000000eadf000
0x0000000002c2f0c8:   0000000002a6e800 0000000002c2f208
0x0000000002c2f0d8:   0000000002d48962 0000000002c2f0e0
0x0000000002c2f0e8:   000000001b98f210 0000000002c2f180 

Instructions: (pc=0x000000006235bfe0)
0x000000006235bfc0:   8b 04 0a 48 89 01 48 83 c1 08 49 ff c9 75 f0 49
0x000000006235bfd0:   83 e0 07 4d 85 c0 75 08 49 8b c3 c3 0f 1f 40 00
0x000000006235bfe0:   8a 04 0a 88 01 48 ff c1 49 ff c8 75 f3 49 8b c3
0x000000006235bff0:   c3 66 66 66 66 66 66 66 0f 1f 84 00 00 00 00 00 


Register to memory mapping:

RAX=0x00000000fdfaff7d is an unknown value
RBX=0x0000000002a6e800 is a thread
RCX=0x000000001dcabf50 is an unknown value
RDX=0x00000000cfa787ed is an unknown value
RSP=0x0000000002c2eff8 is pointing into the stack for thread: 0x0000000002a6e800
RBP=0x0000000000000000 is an unknown value
RSI=0x0000000000000004 is an unknown value
RDI=0x0000000000000000 is an unknown value
R8 =0x0000000000000004 is an unknown value
R9 =0x000000001dcabf50 is an unknown value
R10=0x0000000002d48c3b is at code_begin+891 in an Interpreter codelet
method entry point (kind = native)  [0x0000000002d488c0, 0x0000000002d49280]  2496 bytes
R11=0x000000001dcabf50 is an unknown value
R12=0x00000000ed72473d is an unknown value
R13={method} {0x000000001b98f218} 'copyMemory' '(Ljava/lang/Object;JLjava/lang/Object;JJ)V' in 'sun/misc/Unsafe'
R14=0x0000000002c2f180 is pointing into the stack for thread: 0x0000000002a6e800
R15=0x0000000002a6e800 is a thread


Stack: [0x0000000002b30000,0x0000000002c30000],  sp=0x0000000002c2eff8,  free space=1019k
Native frames: (J=compiled Java code, j=interpreted, Vv=VM code, C=native code)

Java frames: (J=compiled Java code, j=interpreted, Vv=VM code)
j  sun.misc.Unsafe.copyMemory(Ljava/lang/Object;JLjava/lang/Object;JJ)V+0
j  sun.misc.Unsafe.copyMemory(JJJ)V+7
j  coordinate.unsafe.SuperIntegerArray.copyFrom([IJ)V+18
j  basic.TestUnsafe.test2()V+38
j  basic.TestUnsafe.main([Ljava/lang/String;)V+0
v  ~StubRoutines::call_stub

---------------  P R O C E S S  ---------------

Java Threads: ( => current thread )
  0x000000001df01000 JavaThread "Sweeper cleaner" daemon [_thread_blocked, id=16040, stack(0x000000001e200000,0x000000001e300000)]
  0x000000001dc20800 JavaThread "Service Thread" daemon [_thread_blocked, id=16064, stack(0x000000001e000000,0x000000001e100000)]
  0x000000001c2c4000 JavaThread "C1 CompilerThread2" daemon [_thread_blocked, id=19828, stack(0x000000001db00000,0x000000001dc00000)]
  0x000000001c2bb000 JavaThread "C2 CompilerThread1" daemon [_thread_blocked, id=15068, stack(0x000000001da00000,0x000000001db00000)]
  0x000000001c2b7800 JavaThread "C2 CompilerThread0" daemon [_thread_blocked, id=8520, stack(0x000000001d900000,0x000000001da00000)]
  0x000000001c2b6000 JavaThread "Attach Listener" daemon [_thread_blocked, id=12460, stack(0x000000001d800000,0x000000001d900000)]
  0x000000001c2b2800 JavaThread "Signal Dispatcher" daemon [_thread_blocked, id=19556, stack(0x000000001d700000,0x000000001d800000)]
  0x0000000002d2b800 JavaThread "Finalizer" daemon [_thread_blocked, id=1420, stack(0x000000001d500000,0x000000001d600000)]
  0x0000000002d22000 JavaThread "Reference Handler" daemon [_thread_blocked, id=8552, stack(0x000000001d400000,0x000000001d500000)]
=>0x0000000002a6e800 JavaThread "main" [_thread_in_vm, id=10948, stack(0x0000000002b30000,0x0000000002c30000)]

Other Threads:
  0x000000001c277000 VMThread [stack: 0x000000001d300000,0x000000001d400000] [id=22724]
  0x000000001dc45000 WatcherThread [stack: 0x000000001e100000,0x000000001e200000] [id=17296]

VM state:not at safepoint (normal execution)

VM Mutex/Monitor currently owned by a thread: None

heap address: 0x00000006c2200000, size: 4062 MB, Compressed Oops mode: Zero based, Oop shift amount: 3
Narrow klass base: 0x0000000000000000, Narrow klass shift: 3
Compressed class space size: 1073741824 Address: 0x00000007c0000000

Heap:
 PSYoungGen      total 75776K, used 3901K [0x000000076b600000, 0x0000000770a80000, 0x00000007c0000000)
  eden space 65024K, 6% used [0x000000076b600000,0x000000076b9cf5e0,0x000000076f580000)
  from space 10752K, 0% used [0x0000000770000000,0x0000000770000000,0x0000000770a80000)
  to   space 10752K, 0% used [0x000000076f580000,0x000000076f580000,0x0000000770000000)
 ParOldGen       total 173568K, used 0K [0x00000006c2200000, 0x00000006ccb80000, 0x000000076b600000)
  object space 173568K, 0% used [0x00000006c2200000,0x00000006c2200000,0x00000006ccb80000)
 Metaspace       used 3620K, capacity 4720K, committed 4864K, reserved 1056768K
  class space    used 410K, capacity 463K, committed 512K, reserved 1048576K

Card table byte_map: [0x00000000120f0000,0x00000000128e0000] byte_map_base: 0x000000000eadf000

Marking Bits: (ParMarkBitMap*) 0x0000000062c25ce0
 Begin Bits: [0x0000000013230000, 0x00000000171a8000)
 End Bits:   [0x00000000171a8000, 0x000000001b120000)

Polling page: 0x0000000000d90000

CodeCache: size=245760Kb used=1421Kb max_used=1431Kb free=244338Kb
 bounds [0x0000000002d30000, 0x0000000002fa0000, 0x0000000011d30000]
 total_blobs=459 nmethods=203 adapters=169
 compilation: enabled

Compilation events (10 events):
Event: 0.136 Thread 0x000000001c2c4000 nmethod 198 0x0000000002e8a610 code [0x0000000002e8a760, 0x0000000002e8a910]
Event: 0.136 Thread 0x000000001c2c4000  199       3       jdk.internal.org.objectweb.asm.ByteVector::enlarge (51 bytes)
Event: 0.136 Thread 0x000000001c2c4000 nmethod 199 0x0000000002e8a090 code [0x0000000002e8a200, 0x0000000002e8a528]
Event: 0.137 Thread 0x000000001c2c4000  200       3       jdk.internal.org.objectweb.asm.ByteVector::putInt (74 bytes)
Event: 0.137 Thread 0x000000001c2c4000 nmethod 200 0x0000000002e89750 code [0x0000000002e898c0, 0x0000000002e89b68]
Event: 0.137 Thread 0x000000001c2bb000 nmethod 194 0x0000000002e95cd0 code [0x0000000002e95e20, 0x0000000002e96098]
Event: 0.137 Thread 0x000000001c2c4000  202       3       jdk.internal.org.objectweb.asm.Frame::pop (45 bytes)
Event: 0.137 Thread 0x000000001c2c4000 nmethod 202 0x0000000002e95910 code [0x0000000002e95a60, 0x0000000002e95c30]
Event: 0.137 Thread 0x000000001c2c4000  203       1       java.lang.invoke.MethodTypeForm::basicType (5 bytes)
Event: 0.137 Thread 0x000000001c2c4000 nmethod 203 0x0000000002e95650 code [0x0000000002e957a0, 0x0000000002e958b0]

GC Heap History (0 events):
No events

Deoptimization events (0 events):
No events

Classes redefined (0 events):
No events

Internal exceptions (4 events):
Event: 0.037 Thread 0x0000000002a6e800 Exception <a 'java/lang/NoSuchMethodError': Method sun.misc.Unsafe.defineClass(Ljava/lang/String;[BII)Ljava/lang/Class; name or signature does not match> (0x000000076b607cb0) thrown at [C:\re\workspace\8-2-build-windows-amd64-cygwin\jdk8u202\12323\hotspot
Event: 0.037 Thread 0x0000000002a6e800 Exception <a 'java/lang/NoSuchMethodError': Method sun.misc.Unsafe.prefetchRead(Ljava/lang/Object;J)V name or signature does not match> (0x000000076b607f98) thrown at [C:\re\workspace\8-2-build-windows-amd64-cygwin\jdk8u202\12323\hotspot\src\share\vm\prim
Event: 0.123 Thread 0x0000000002a6e800 Exception <a 'java/lang/NoSuchFieldError': method resolution failed> (0x000000076b89a918) thrown at [C:\re\workspace\8-2-build-windows-amd64-cygwin\jdk8u202\12323\hotspot\src\share\vm\prims\methodHandles.cpp, line 1167]
Event: 0.125 Thread 0x0000000002a6e800 Exception <a 'java/lang/NoSuchFieldError': method resolution failed> (0x000000076b8a7c98) thrown at [C:\re\workspace\8-2-build-windows-amd64-cygwin\jdk8u202\12323\hotspot\src\share\vm\prims\methodHandles.cpp, line 1167]

Events (10 events):
Event: 0.136 loading class java/lang/invoke/InfoFromMemberName done
Event: 0.136 loading class java/lang/invoke/InnerClassLambdaMetafactory$ForwardingMethodGenerator
Event: 0.136 loading class java/lang/invoke/TypeConvertingMethodAdapter
Event: 0.136 loading class java/lang/invoke/TypeConvertingMethodAdapter done
Event: 0.136 loading class java/lang/invoke/InnerClassLambdaMetafactory$ForwardingMethodGenerator done
Event: 0.137 Thread 0x000000001df01000 Thread added: 0x000000001df01000
Event: 0.137 loading class coordinate/unsafe/SuperIntegerArray
Event: 0.137 loading class coordinate/unsafe/SuperIntegerArray done
Event: 0.137 loading class coordinate/utility/Sweeper$SweeperRef
Event: 0.137 loading class coordinate/utility/Sweeper$SweeperRef done


Dynamic libraries:
0x00007ff6f4bb0000 - 0x00007ff6f4be7000 	C:\Program Files\Java\jdk1.8.0_202\bin\java.exe
0x00007ffc34630000 - 0x00007ffc34828000 	C:\WINDOWS\SYSTEM32\ntdll.dll
0x00007ffc33440000 - 0x00007ffc334ff000 	C:\WINDOWS\System32\KERNEL32.DLL
0x00007ffc31ee0000 - 0x00007ffc321d6000 	C:\WINDOWS\System32\KERNELBASE.dll
0x00007ffc34490000 - 0x00007ffc3453f000 	C:\WINDOWS\System32\ADVAPI32.dll
0x00007ffc32690000 - 0x00007ffc3272e000 	C:\WINDOWS\System32\msvcrt.dll
0x00007ffc32b40000 - 0x00007ffc32bdc000 	C:\WINDOWS\System32\sechost.dll
0x00007ffc33a20000 - 0x00007ffc33b46000 	C:\WINDOWS\System32\RPCRT4.dll
0x00007ffc33290000 - 0x00007ffc3342d000 	C:\WINDOWS\System32\USER32.dll
0x00007ffc32250000 - 0x00007ffc32272000 	C:\WINDOWS\System32\win32u.dll
0x00007ffc34540000 - 0x00007ffc3456c000 	C:\WINDOWS\System32\GDI32.dll
0x00007ffc324e0000 - 0x00007ffc325f5000 	C:\WINDOWS\System32\gdi32full.dll
0x00007ffc31d10000 - 0x00007ffc31dad000 	C:\WINDOWS\System32\msvcp_win.dll
0x00007ffc31db0000 - 0x00007ffc31eb0000 	C:\WINDOWS\System32\ucrtbase.dll
0x00007ffc1e280000 - 0x00007ffc1e51a000 	C:\WINDOWS\WinSxS\amd64_microsoft.windows.common-controls_6595b64144ccf1df_6.0.19041.1110_none_60b5254171f9507e\COMCTL32.dll
0x00007ffc32b10000 - 0x00007ffc32b40000 	C:\WINDOWS\System32\IMM32.DLL
0x0000000062320000 - 0x00000000623f2000 	C:\Program Files\Java\jdk1.8.0_202\jre\bin\msvcr100.dll
0x0000000062400000 - 0x0000000062ca5000 	C:\Program Files\Java\jdk1.8.0_202\jre\bin\server\jvm.dll
0x00007ffc32fa0000 - 0x00007ffc32fa8000 	C:\WINDOWS\System32\PSAPI.DLL
0x00007ffc2b020000 - 0x00007ffc2b029000 	C:\WINDOWS\SYSTEM32\WSOCK32.dll
0x00007ffc2d830000 - 0x00007ffc2d857000 	C:\WINDOWS\SYSTEM32\WINMM.dll
0x00007ffc2bdb0000 - 0x00007ffc2bdba000 	C:\WINDOWS\SYSTEM32\VERSION.dll
0x00007ffc32aa0000 - 0x00007ffc32b0b000 	C:\WINDOWS\System32\WS2_32.dll
0x00007ffc2b010000 - 0x00007ffc2b01f000 	C:\Program Files\Java\jdk1.8.0_202\jre\bin\verify.dll
0x00007ffc22940000 - 0x00007ffc22969000 	C:\Program Files\Java\jdk1.8.0_202\jre\bin\java.dll
0x00007ffc22920000 - 0x00007ffc22936000 	C:\Program Files\Java\jdk1.8.0_202\jre\bin\zip.dll
0x00007ffc33b50000 - 0x00007ffc34294000 	C:\WINDOWS\System32\SHELL32.dll
0x00007ffc2fde0000 - 0x00007ffc30573000 	C:\WINDOWS\SYSTEM32\windows.storage.dll
0x00007ffc32740000 - 0x00007ffc32a94000 	C:\WINDOWS\System32\combase.dll
0x00007ffc31680000 - 0x00007ffc316ae000 	C:\WINDOWS\SYSTEM32\Wldp.dll
0x00007ffc32c40000 - 0x00007ffc32ced000 	C:\WINDOWS\System32\SHCORE.dll
0x00007ffc32f40000 - 0x00007ffc32f95000 	C:\WINDOWS\System32\shlwapi.dll
0x00007ffc31c50000 - 0x00007ffc31c6f000 	C:\WINDOWS\SYSTEM32\profapi.dll
0x00007ffc2a260000 - 0x00007ffc2a444000 	C:\WINDOWS\SYSTEM32\dbghelp.dll
0x00007ffc32600000 - 0x00007ffc32682000 	C:\WINDOWS\System32\bcryptPrimitives.dll

VM Arguments:
jvm_args: -Dfile.encoding=UTF-8 
java_command: basic.TestUnsafe
java_class_path (initial): C:\Users\user\Documents\Java\JNA\jna-5.8.0.jar;C:\Users\user\Documents\Java\JNA\jna-platform-5.8.0.jar;C:\Users\user\Documents\GitHub\Coordinate\build\classes;C:\Users\user\Documents\GitHub\Coordinate\build\test\classes
Launcher Type: SUN_STANDARD

Environment Variables:
JAVA_HOME=C:\Program Files\Java\jdk1.8.0_144
PATH=C:\Program Files (x86)\Common Files\Intel\Shared Libraries\redist\intel64\mpirt;C:\Program Files (x86)\Common Files\Intel\Shared Libraries\redist\intel64\compiler;C:\Program Files (x86)\Common Files\Oracle\Java\javapath;C:\ProgramData\Oracle\Java\javapath;C:\WINDOWS\system32;C:\WINDOWS;C:\WINDOWS\System32\Wbem;C:\WINDOWS\System32\WindowsPowerShell\v1.0\;C:\Program Files\LuxRender;C:\WINDOWS\System32\OpenSSH\;C:\Program Files\apache-maven-3.6.3\bin;C:\Program Files\Microsoft SQL Server\120\Tools\Binn\;C:\Program Files\nodejs\;C:\Users\user\AppData\Local\Microsoft\WindowsApps;C:\Users\user\AppData\Local\GitHubDesktop\bin;C:\Users\user\AppData\Local\Microsoft\WindowsApps;;C:\Users\user\AppData\Local\Programs\Microsoft VS Code\bin;C:\Users\user\AppData\Roaming\npm
USERNAME=user
OS=Windows_NT
PROCESSOR_IDENTIFIER=Intel64 Family 6 Model 94 Stepping 3, GenuineIntel



---------------  S Y S T E M  ---------------

OS: Windows 10.0 , 64 bit Build 19041 (10.0.19041.3031)

CPU:total 4 (initial active 4) (4 cores per cpu, 1 threads per core) family 6 model 94 stepping 3, cmov, cx8, fxsr, mmx, sse, sse2, sse3, ssse3, sse4.1, sse4.2, popcnt, avx, avx2, aes, clmul, erms, 3dnowpref, lzcnt, tsc, tscinvbit, bmi1, bmi2, adx

Memory: 4k page, physical 16633860k(7604012k free), swap 20969072k(6340212k free)

vm_info: Java HotSpot(TM) 64-Bit Server VM (25.202-b08) for windows-amd64 JRE (1.8.0_202-b08), built on Dec 15 2018 19:54:30 by "java_re" with MS VC++ 10.0 (VS2010)

time: Mon Jul 10 00:21:25 2023
timezone: E. Africa Standard Time
elapsed time: 0 seconds (0d 0h 0m 0s)

