#
# A fatal error has been detected by the Java Runtime Environment:
#
#  EXCEPTION_ACCESS_VIOLATION (0xc0000005) at pc=0x000000006235bfe0, pid=21452, tid=0x0000000000001874
#
# JRE version: Java(TM) SE Runtime Environment (8.0_202-b08) (build 1.8.0_202-b08)
# Java VM: Java HotSpot(TM) 64-Bit Server VM (25.202-b08 mixed mode windows-amd64 compressed oops)
# Problematic frame:
# C  [msvcr100.dll+0x3bfe0]
#
# Failed to write core dump. Minidumps are not enabled by default on client versions of Windows
#
# If you would like to submit a bug report, please visit:
#   http://bugreport.java.com/bugreport/crash.jsp
#

---------------  T H R E A D  ---------------

Current thread (0x000000000178e800):  JavaThread "main" [_thread_in_vm, id=6260, stack(0x0000000002ff0000,0x00000000030f0000)]

siginfo: ExceptionCode=0xc0000005, reading address 0x00000000ed724736

Registers:
RAX=0x00000000ff7bcfb7, RBX=0x000000000178e800, RCX=0x000000001e1b89b0, RDX=0x00000000cf56bd86
RSP=0x00000000030eedf8, RBP=0x0000000000000000, RSI=0x0000000000000001, RDI=0x0000000000000000
R8 =0x0000000000000001, R9 =0x000000001e1b89b0, R10=0x0000000003238c3b, R11=0x000000001e1b89b0
R12=0x00000000ed724736, R13=0x000000001be7f210, R14=0x00000000030eef80, R15=0x000000000178e800
RIP=0x000000006235bfe0, EFLAGS=0x0000000000010202

Top of Stack: (sp=0x00000000030eedf8)
0x00000000030eedf8:   0000000062678643 00000000000003d8
0x00000000030eee08:   00000000031220a0 0000000003122478
0x00000000030eee18:   000000001be7bb30 000000001be7f210
0x00000000030eee28:   00000000625e4da7 0000000003227da0
0x00000000030eee38:   0000000003238ad7 000000001be7f210
0x00000000030eee48:   000000000178e800 000000001be7f210
0x00000000030eee58:   000000000efcf000 0000000000000000
0x00000000030eee68:   0000000003238c67 0000000003227da0
0x00000000030eee78:   000000001be7f210 00000000030eef20
0x00000000030eee88:   000000000efcf000 0000000000000000
0x00000000030eee98:   000000001e1b89b0 0000000000000001
0x00000000030eeea8:   000000000323899d 000000000178e800
0x00000000030eeeb8:   000000001be7f210 000000000efcf000
0x00000000030eeec8:   000000000178e800 00000000030ef008
0x00000000030eeed8:   0000000003238962 00000000030eeee0
0x00000000030eeee8:   000000001be7f210 00000000030eef80 

Instructions: (pc=0x000000006235bfe0)
0x000000006235bfc0:   8b 04 0a 48 89 01 48 83 c1 08 49 ff c9 75 f0 49
0x000000006235bfd0:   83 e0 07 4d 85 c0 75 08 49 8b c3 c3 0f 1f 40 00
0x000000006235bfe0:   8a 04 0a 88 01 48 ff c1 49 ff c8 75 f3 49 8b c3
0x000000006235bff0:   c3 66 66 66 66 66 66 66 0f 1f 84 00 00 00 00 00 


Register to memory mapping:

RAX=0x00000000ff7bcfb7 is an unknown value
RBX=0x000000000178e800 is a thread
RCX=0x000000001e1b89b0 is an unknown value
RDX=0x00000000cf56bd86 is an unknown value
RSP=0x00000000030eedf8 is pointing into the stack for thread: 0x000000000178e800
RBP=0x0000000000000000 is an unknown value
RSI=0x0000000000000001 is an unknown value
RDI=0x0000000000000000 is an unknown value
R8 =0x0000000000000001 is an unknown value
R9 =0x000000001e1b89b0 is an unknown value
R10=0x0000000003238c3b is at code_begin+891 in an Interpreter codelet
method entry point (kind = native)  [0x00000000032388c0, 0x0000000003239280]  2496 bytes
R11=0x000000001e1b89b0 is an unknown value
R12=0x00000000ed724736 is an unknown value
R13={method} {0x000000001be7f218} 'copyMemory' '(Ljava/lang/Object;JLjava/lang/Object;JJ)V' in 'sun/misc/Unsafe'
R14=0x00000000030eef80 is pointing into the stack for thread: 0x000000000178e800
R15=0x000000000178e800 is a thread


Stack: [0x0000000002ff0000,0x00000000030f0000],  sp=0x00000000030eedf8,  free space=1019k
Native frames: (J=compiled Java code, j=interpreted, Vv=VM code, C=native code)

Java frames: (J=compiled Java code, j=interpreted, Vv=VM code)
j  sun.misc.Unsafe.copyMemory(Ljava/lang/Object;JLjava/lang/Object;JJ)V+0
j  sun.misc.Unsafe.copyMemory(JJJ)V+7
j  coordinate.unsafe.SuperIntegerArray.copyFrom([IJ)V+16
j  basic.TestUnsafe.test2()V+38
j  basic.TestUnsafe.main([Ljava/lang/String;)V+0
v  ~StubRoutines::call_stub

---------------  P R O C E S S  ---------------

Java Threads: ( => current thread )
  0x000000001e49c800 JavaThread "Sweeper cleaner" daemon [_thread_blocked, id=14872, stack(0x000000001e700000,0x000000001e800000)]
  0x000000001e12a800 JavaThread "Service Thread" daemon [_thread_blocked, id=14972, stack(0x000000001e500000,0x000000001e600000)]
  0x000000001c7ae800 JavaThread "C1 CompilerThread2" daemon [_thread_blocked, id=2952, stack(0x000000001e000000,0x000000001e100000)]
  0x000000001c7a9000 JavaThread "C2 CompilerThread1" daemon [_thread_blocked, id=116, stack(0x000000001df00000,0x000000001e000000)]
  0x000000001c7a5800 JavaThread "C2 CompilerThread0" daemon [_thread_blocked, id=10224, stack(0x000000001de00000,0x000000001df00000)]
  0x000000001c7a3000 JavaThread "Attach Listener" daemon [_thread_blocked, id=6612, stack(0x000000001dd00000,0x000000001de00000)]
  0x000000001c7a1800 JavaThread "Signal Dispatcher" daemon [_thread_blocked, id=20176, stack(0x000000001dc00000,0x000000001dd00000)]
  0x000000000321a800 JavaThread "Finalizer" daemon [_thread_blocked, id=19272, stack(0x000000001da00000,0x000000001db00000)]
  0x0000000003212000 JavaThread "Reference Handler" daemon [_thread_blocked, id=11952, stack(0x000000001d900000,0x000000001da00000)]
=>0x000000000178e800 JavaThread "main" [_thread_in_vm, id=6260, stack(0x0000000002ff0000,0x00000000030f0000)]

Other Threads:
  0x000000001c767000 VMThread [stack: 0x000000001d800000,0x000000001d900000] [id=7532]
  0x000000001e13c000 WatcherThread [stack: 0x000000001e600000,0x000000001e700000] [id=17236]

VM state:not at safepoint (normal execution)

VM Mutex/Monitor currently owned by a thread: None

heap address: 0x00000006c2200000, size: 4062 MB, Compressed Oops mode: Zero based, Oop shift amount: 3
Narrow klass base: 0x0000000000000000, Narrow klass shift: 3
Compressed class space size: 1073741824 Address: 0x00000007c0000000

Heap:
 PSYoungGen      total 75776K, used 3901K [0x000000076b600000, 0x0000000770a80000, 0x00000007c0000000)
  eden space 65024K, 6% used [0x000000076b600000,0x000000076b9cf630,0x000000076f580000)
  from space 10752K, 0% used [0x0000000770000000,0x0000000770000000,0x0000000770a80000)
  to   space 10752K, 0% used [0x000000076f580000,0x000000076f580000,0x0000000770000000)
 ParOldGen       total 173568K, used 0K [0x00000006c2200000, 0x00000006ccb80000, 0x000000076b600000)
  object space 173568K, 0% used [0x00000006c2200000,0x00000006c2200000,0x00000006ccb80000)
 Metaspace       used 3617K, capacity 4720K, committed 4864K, reserved 1056768K
  class space    used 410K, capacity 463K, committed 512K, reserved 1048576K

Card table byte_map: [0x00000000125e0000,0x0000000012dd0000] byte_map_base: 0x000000000efcf000

Marking Bits: (ParMarkBitMap*) 0x0000000062c25ce0
 Begin Bits: [0x0000000013720000, 0x0000000017698000)
 End Bits:   [0x0000000017698000, 0x000000001b610000)

Polling page: 0x0000000001790000

CodeCache: size=245760Kb used=1427Kb max_used=1433Kb free=244332Kb
 bounds [0x0000000003220000, 0x0000000003490000, 0x0000000012220000]
 total_blobs=455 nmethods=199 adapters=169
 compilation: enabled

Compilation events (10 events):
Event: 0.135 Thread 0x000000001c7ae800 nmethod 194 0x0000000003382c10 code [0x0000000003382d60, 0x0000000003382f10]
Event: 0.135 Thread 0x000000001c7ae800  195       3       jdk.internal.org.objectweb.asm.ByteVector::enlarge (51 bytes)
Event: 0.136 Thread 0x000000001c7ae800 nmethod 195 0x0000000003382fd0 code [0x0000000003383140, 0x0000000003383468]
Event: 0.136 Thread 0x000000001c7a5800 nmethod 190 0x00000000033863d0 code [0x0000000003386520, 0x0000000003386798]
Event: 0.136 Thread 0x000000001c7ae800  196       3       jdk.internal.org.objectweb.asm.ByteVector::putInt (74 bytes)
Event: 0.136 Thread 0x000000001c7ae800 nmethod 196 0x0000000003385a90 code [0x0000000003385c00, 0x0000000003385ea8]
Event: 0.136 Thread 0x000000001c7ae800  198       3       sun.reflect.misc.ReflectUtil::isVMAnonymousClass (19 bytes)
Event: 0.136 Thread 0x000000001c7ae800 nmethod 198 0x0000000003385150 code [0x00000000033852e0, 0x0000000003385838]
Event: 0.137 Thread 0x000000001c7ae800  199       1       java.lang.invoke.MethodTypeForm::basicType (5 bytes)
Event: 0.137 Thread 0x000000001c7ae800 nmethod 199 0x0000000003384e90 code [0x0000000003384fe0, 0x00000000033850f0]

GC Heap History (0 events):
No events

Deoptimization events (0 events):
No events

Classes redefined (0 events):
No events

Internal exceptions (4 events):
Event: 0.029 Thread 0x000000000178e800 Exception <a 'java/lang/NoSuchMethodError': Method sun.misc.Unsafe.defineClass(Ljava/lang/String;[BII)Ljava/lang/Class; name or signature does not match> (0x000000076b607cb0) thrown at [C:\re\workspace\8-2-build-windows-amd64-cygwin\jdk8u202\12323\hotspot
Event: 0.029 Thread 0x000000000178e800 Exception <a 'java/lang/NoSuchMethodError': Method sun.misc.Unsafe.prefetchRead(Ljava/lang/Object;J)V name or signature does not match> (0x000000076b607f98) thrown at [C:\re\workspace\8-2-build-windows-amd64-cygwin\jdk8u202\12323\hotspot\src\share\vm\prim
Event: 0.121 Thread 0x000000000178e800 Exception <a 'java/lang/NoSuchFieldError': method resolution failed> (0x000000076b89a8e0) thrown at [C:\re\workspace\8-2-build-windows-amd64-cygwin\jdk8u202\12323\hotspot\src\share\vm\prims\methodHandles.cpp, line 1167]
Event: 0.122 Thread 0x000000000178e800 Exception <a 'java/lang/NoSuchFieldError': method resolution failed> (0x000000076b8a7c60) thrown at [C:\re\workspace\8-2-build-windows-amd64-cygwin\jdk8u202\12323\hotspot\src\share\vm\prims\methodHandles.cpp, line 1167]

Events (10 events):
Event: 0.135 loading class java/lang/invoke/InfoFromMemberName done
Event: 0.135 loading class java/lang/invoke/InnerClassLambdaMetafactory$ForwardingMethodGenerator
Event: 0.135 loading class java/lang/invoke/TypeConvertingMethodAdapter
Event: 0.135 loading class java/lang/invoke/TypeConvertingMethodAdapter done
Event: 0.135 loading class java/lang/invoke/InnerClassLambdaMetafactory$ForwardingMethodGenerator done
Event: 0.136 Thread 0x000000001e49c800 Thread added: 0x000000001e49c800
Event: 0.136 loading class coordinate/unsafe/SuperIntegerArray
Event: 0.136 loading class coordinate/unsafe/SuperIntegerArray done
Event: 0.137 loading class coordinate/utility/Sweeper$SweeperRef
Event: 0.137 loading class coordinate/utility/Sweeper$SweeperRef done


Dynamic libraries:
0x00007ff6f4bb0000 - 0x00007ff6f4be7000 	C:\Program Files\Java\jdk1.8.0_202\bin\java.exe
0x00007ffc34630000 - 0x00007ffc34828000 	C:\WINDOWS\SYSTEM32\ntdll.dll
0x00007ffc33440000 - 0x00007ffc334ff000 	C:\WINDOWS\System32\KERNEL32.DLL
0x00007ffc31ee0000 - 0x00007ffc321d6000 	C:\WINDOWS\System32\KERNELBASE.dll
0x00007ffc34490000 - 0x00007ffc3453f000 	C:\WINDOWS\System32\ADVAPI32.dll
0x00007ffc32690000 - 0x00007ffc3272e000 	C:\WINDOWS\System32\msvcrt.dll
0x00007ffc32b40000 - 0x00007ffc32bdc000 	C:\WINDOWS\System32\sechost.dll
0x00007ffc33a20000 - 0x00007ffc33b46000 	C:\WINDOWS\System32\RPCRT4.dll
0x00007ffc33290000 - 0x00007ffc3342d000 	C:\WINDOWS\System32\USER32.dll
0x00007ffc32250000 - 0x00007ffc32272000 	C:\WINDOWS\System32\win32u.dll
0x00007ffc34540000 - 0x00007ffc3456c000 	C:\WINDOWS\System32\GDI32.dll
0x00007ffc324e0000 - 0x00007ffc325f5000 	C:\WINDOWS\System32\gdi32full.dll
0x00007ffc31d10000 - 0x00007ffc31dad000 	C:\WINDOWS\System32\msvcp_win.dll
0x00007ffc31db0000 - 0x00007ffc31eb0000 	C:\WINDOWS\System32\ucrtbase.dll
0x00007ffc1e280000 - 0x00007ffc1e51a000 	C:\WINDOWS\WinSxS\amd64_microsoft.windows.common-controls_6595b64144ccf1df_6.0.19041.1110_none_60b5254171f9507e\COMCTL32.dll
0x00007ffc32b10000 - 0x00007ffc32b40000 	C:\WINDOWS\System32\IMM32.DLL
0x0000000062320000 - 0x00000000623f2000 	C:\Program Files\Java\jdk1.8.0_202\jre\bin\msvcr100.dll
0x0000000062400000 - 0x0000000062ca5000 	C:\Program Files\Java\jdk1.8.0_202\jre\bin\server\jvm.dll
0x00007ffc32fa0000 - 0x00007ffc32fa8000 	C:\WINDOWS\System32\PSAPI.DLL
0x00007ffc2b020000 - 0x00007ffc2b029000 	C:\WINDOWS\SYSTEM32\WSOCK32.dll
0x00007ffc2d830000 - 0x00007ffc2d857000 	C:\WINDOWS\SYSTEM32\WINMM.dll
0x00007ffc2bdb0000 - 0x00007ffc2bdba000 	C:\WINDOWS\SYSTEM32\VERSION.dll
0x00007ffc32aa0000 - 0x00007ffc32b0b000 	C:\WINDOWS\System32\WS2_32.dll
0x00007ffc2b010000 - 0x00007ffc2b01f000 	C:\Program Files\Java\jdk1.8.0_202\jre\bin\verify.dll
0x00007ffc22940000 - 0x00007ffc22969000 	C:\Program Files\Java\jdk1.8.0_202\jre\bin\java.dll
0x00007ffc22920000 - 0x00007ffc22936000 	C:\Program Files\Java\jdk1.8.0_202\jre\bin\zip.dll
0x00007ffc33b50000 - 0x00007ffc34294000 	C:\WINDOWS\System32\SHELL32.dll
0x00007ffc2fde0000 - 0x00007ffc30573000 	C:\WINDOWS\SYSTEM32\windows.storage.dll
0x00007ffc32740000 - 0x00007ffc32a94000 	C:\WINDOWS\System32\combase.dll
0x00007ffc31680000 - 0x00007ffc316ae000 	C:\WINDOWS\SYSTEM32\Wldp.dll
0x00007ffc32c40000 - 0x00007ffc32ced000 	C:\WINDOWS\System32\SHCORE.dll
0x00007ffc32f40000 - 0x00007ffc32f95000 	C:\WINDOWS\System32\shlwapi.dll
0x00007ffc31c50000 - 0x00007ffc31c6f000 	C:\WINDOWS\SYSTEM32\profapi.dll
0x00007ffc2a260000 - 0x00007ffc2a444000 	C:\WINDOWS\SYSTEM32\dbghelp.dll
0x00007ffc32600000 - 0x00007ffc32682000 	C:\WINDOWS\System32\bcryptPrimitives.dll

VM Arguments:
jvm_args: -Dfile.encoding=UTF-8 
java_command: basic.TestUnsafe
java_class_path (initial): C:\Users\user\Documents\Java\JNA\jna-5.8.0.jar;C:\Users\user\Documents\Java\JNA\jna-platform-5.8.0.jar;C:\Users\user\Documents\GitHub\Coordinate\build\classes;C:\Users\user\Documents\GitHub\Coordinate\build\test\classes
Launcher Type: SUN_STANDARD

Environment Variables:
JAVA_HOME=C:\Program Files\Java\jdk1.8.0_144
PATH=C:\Program Files (x86)\Common Files\Intel\Shared Libraries\redist\intel64\mpirt;C:\Program Files (x86)\Common Files\Intel\Shared Libraries\redist\intel64\compiler;C:\Program Files (x86)\Common Files\Oracle\Java\javapath;C:\ProgramData\Oracle\Java\javapath;C:\WINDOWS\system32;C:\WINDOWS;C:\WINDOWS\System32\Wbem;C:\WINDOWS\System32\WindowsPowerShell\v1.0\;C:\Program Files\LuxRender;C:\WINDOWS\System32\OpenSSH\;C:\Program Files\apache-maven-3.6.3\bin;C:\Program Files\Microsoft SQL Server\120\Tools\Binn\;C:\Program Files\nodejs\;C:\Users\user\AppData\Local\Microsoft\WindowsApps;C:\Users\user\AppData\Local\GitHubDesktop\bin;C:\Users\user\AppData\Local\Microsoft\WindowsApps;;C:\Users\user\AppData\Local\Programs\Microsoft VS Code\bin;C:\Users\user\AppData\Roaming\npm
USERNAME=user
OS=Windows_NT
PROCESSOR_IDENTIFIER=Intel64 Family 6 Model 94 Stepping 3, GenuineIntel



---------------  S Y S T E M  ---------------

OS: Windows 10.0 , 64 bit Build 19041 (10.0.19041.3031)

CPU:total 4 (initial active 4) (4 cores per cpu, 1 threads per core) family 6 model 94 stepping 3, cmov, cx8, fxsr, mmx, sse, sse2, sse3, ssse3, sse4.1, sse4.2, popcnt, avx, avx2, aes, clmul, erms, 3dnowpref, lzcnt, tsc, tscinvbit, bmi1, bmi2, adx

Memory: 4k page, physical 16633860k(7712504k free), swap 20969072k(6496384k free)

vm_info: Java HotSpot(TM) 64-Bit Server VM (25.202-b08) for windows-amd64 JRE (1.8.0_202-b08), built on Dec 15 2018 19:54:30 by "java_re" with MS VC++ 10.0 (VS2010)

time: Mon Jul 10 00:20:56 2023
timezone: E. Africa Standard Time
elapsed time: 0 seconds (0d 0h 0m 0s)

