#
# A fatal error has been detected by the Java Runtime Environment:
#
#  EXCEPTION_ACCESS_VIOLATION (0xc0000005) at pc=0x000000006235bfe0, pid=22636, tid=0x00000000000017e0
#
# JRE version: Java(TM) SE Runtime Environment (8.0_202-b08) (build 1.8.0_202-b08)
# Java VM: Java HotSpot(TM) 64-Bit Server VM (25.202-b08 mixed mode windows-amd64 compressed oops)
# Problematic frame:
# C  [msvcr100.dll+0x3bfe0]
#
# Failed to write core dump. Minidumps are not enabled by default on client versions of Windows
#
# If you would like to submit a bug report, please visit:
#   http://bugreport.java.com/bugreport/crash.jsp
#

---------------  T H R E A D  ---------------

Current thread (0x0000000002cbe800):  JavaThread "main" [_thread_in_vm, id=6112, stack(0x0000000002b60000,0x0000000002c60000)]

siginfo: ExceptionCode=0xc0000005, reading address 0x00000000ed72473d

Registers:
RAX=0x00000000fdf3ff3f, RBX=0x0000000002cbe800, RCX=0x000000001dd3b930, RDX=0x00000000cf9e8e0d
RSP=0x0000000002c5f328, RBP=0x0000000000000000, RSI=0x0000000000000003, RDI=0x0000000000000000
R8 =0x0000000000000003, R9 =0x000000001dd3b930, R10=0x0000000002dd8c3b, R11=0x000000001dd3b930
R12=0x00000000ed72473d, R13=0x000000001ba1f210, R14=0x0000000002c5f4b0, R15=0x0000000002cbe800
RIP=0x000000006235bfe0, EFLAGS=0x0000000000010206

Top of Stack: (sp=0x0000000002c5f328)
0x0000000002c5f328:   0000000062678643 00000000000003d8
0x0000000002c5f338:   0000000002cc20a0 0000000002cc2478
0x0000000002c5f348:   000000001ba1bb30 000000001ba1f210
0x0000000002c5f358:   00000000625e4da7 0000000002dc7da0
0x0000000002c5f368:   0000000002dd8ad7 000000001ba1f210
0x0000000002c5f378:   0000000002cbe800 000000001ba1f210
0x0000000002c5f388:   000000000eb6f000 0000000000000000
0x0000000002c5f398:   0000000002dd8c67 0000000002dc7da0
0x0000000002c5f3a8:   000000001ba1f210 0000000002c5f450
0x0000000002c5f3b8:   000000000eb6f000 0000000000000000
0x0000000002c5f3c8:   000000001dd3b930 0000000000000003
0x0000000002c5f3d8:   0000000002dd899d 0000000002cbe800
0x0000000002c5f3e8:   000000001ba1f210 000000000eb6f000
0x0000000002c5f3f8:   0000000002cbe800 0000000002c5f538
0x0000000002c5f408:   0000000002dd8962 0000000002c5f410
0x0000000002c5f418:   000000001ba1f210 0000000002c5f4b0 

Instructions: (pc=0x000000006235bfe0)
0x000000006235bfc0:   8b 04 0a 48 89 01 48 83 c1 08 49 ff c9 75 f0 49
0x000000006235bfd0:   83 e0 07 4d 85 c0 75 08 49 8b c3 c3 0f 1f 40 00
0x000000006235bfe0:   8a 04 0a 88 01 48 ff c1 49 ff c8 75 f3 49 8b c3
0x000000006235bff0:   c3 66 66 66 66 66 66 66 0f 1f 84 00 00 00 00 00 


Register to memory mapping:

RAX=0x00000000fdf3ff3f is an unknown value
RBX=0x0000000002cbe800 is a thread
RCX=0x000000001dd3b930 is an unknown value
RDX=0x00000000cf9e8e0d is an unknown value
RSP=0x0000000002c5f328 is pointing into the stack for thread: 0x0000000002cbe800
RBP=0x0000000000000000 is an unknown value
RSI=0x0000000000000003 is an unknown value
RDI=0x0000000000000000 is an unknown value
R8 =0x0000000000000003 is an unknown value
R9 =0x000000001dd3b930 is an unknown value
R10=0x0000000002dd8c3b is at code_begin+891 in an Interpreter codelet
method entry point (kind = native)  [0x0000000002dd88c0, 0x0000000002dd9280]  2496 bytes
R11=0x000000001dd3b930 is an unknown value
R12=0x00000000ed72473d is an unknown value
R13={method} {0x000000001ba1f218} 'copyMemory' '(Ljava/lang/Object;JLjava/lang/Object;JJ)V' in 'sun/misc/Unsafe'
R14=0x0000000002c5f4b0 is pointing into the stack for thread: 0x0000000002cbe800
R15=0x0000000002cbe800 is a thread


Stack: [0x0000000002b60000,0x0000000002c60000],  sp=0x0000000002c5f328,  free space=1020k
Native frames: (J=compiled Java code, j=interpreted, Vv=VM code, C=native code)

Java frames: (J=compiled Java code, j=interpreted, Vv=VM code)
j  sun.misc.Unsafe.copyMemory(Ljava/lang/Object;JLjava/lang/Object;JJ)V+0
j  sun.misc.Unsafe.copyMemory(JJJ)V+7
j  coordinate.unsafe.SuperIntegerArray.copyFrom([IJ)V+18
j  basic.TestUnsafe.test2()V+38
j  basic.TestUnsafe.main([Ljava/lang/String;)V+0
v  ~StubRoutines::call_stub

---------------  P R O C E S S  ---------------

Java Threads: ( => current thread )
  0x000000001e016800 JavaThread "Sweeper cleaner" daemon [_thread_blocked, id=14384, stack(0x000000001e290000,0x000000001e390000)]
  0x000000001c39d800 JavaThread "Service Thread" daemon [_thread_blocked, id=18084, stack(0x000000001e090000,0x000000001e190000)]
  0x000000001c350800 JavaThread "C1 CompilerThread2" daemon [_thread_blocked, id=3724, stack(0x000000001db90000,0x000000001dc90000)]
  0x000000001c34a000 JavaThread "C2 CompilerThread1" daemon [_thread_blocked, id=6500, stack(0x000000001da90000,0x000000001db90000)]
  0x000000001c346000 JavaThread "C2 CompilerThread0" daemon [_thread_blocked, id=20580, stack(0x000000001d990000,0x000000001da90000)]
  0x000000001c344800 JavaThread "Attach Listener" daemon [_thread_blocked, id=9676, stack(0x000000001d890000,0x000000001d990000)]
  0x000000001c343000 JavaThread "Signal Dispatcher" daemon [_thread_blocked, id=20136, stack(0x000000001d790000,0x000000001d890000)]
  0x0000000002dbc800 JavaThread "Finalizer" daemon [_thread_blocked, id=18540, stack(0x000000001d590000,0x000000001d690000)]
  0x000000001c32a000 JavaThread "Reference Handler" daemon [_thread_blocked, id=19972, stack(0x000000001d490000,0x000000001d590000)]
=>0x0000000002cbe800 JavaThread "main" [_thread_in_vm, id=6112, stack(0x0000000002b60000,0x0000000002c60000)]

Other Threads:
  0x000000001c307000 VMThread [stack: 0x000000001d390000,0x000000001d490000] [id=11756]
  0x000000001dcd4800 WatcherThread [stack: 0x000000001e190000,0x000000001e290000] [id=22556]

VM state:not at safepoint (normal execution)

VM Mutex/Monitor currently owned by a thread: None

heap address: 0x00000006c2200000, size: 4062 MB, Compressed Oops mode: Zero based, Oop shift amount: 3
Narrow klass base: 0x0000000000000000, Narrow klass shift: 3
Compressed class space size: 1073741824 Address: 0x00000007c0000000

Heap:
 PSYoungGen      total 75776K, used 3901K [0x000000076b600000, 0x0000000770a80000, 0x00000007c0000000)
  eden space 65024K, 6% used [0x000000076b600000,0x000000076b9cf5e0,0x000000076f580000)
  from space 10752K, 0% used [0x0000000770000000,0x0000000770000000,0x0000000770a80000)
  to   space 10752K, 0% used [0x000000076f580000,0x000000076f580000,0x0000000770000000)
 ParOldGen       total 173568K, used 0K [0x00000006c2200000, 0x00000006ccb80000, 0x000000076b600000)
  object space 173568K, 0% used [0x00000006c2200000,0x00000006c2200000,0x00000006ccb80000)
 Metaspace       used 3618K, capacity 4720K, committed 4864K, reserved 1056768K
  class space    used 410K, capacity 463K, committed 512K, reserved 1048576K

Card table byte_map: [0x0000000012180000,0x0000000012970000] byte_map_base: 0x000000000eb6f000

Marking Bits: (ParMarkBitMap*) 0x0000000062c25ce0
 Begin Bits: [0x00000000132c0000, 0x0000000017238000)
 End Bits:   [0x0000000017238000, 0x000000001b1b0000)

Polling page: 0x0000000000e90000

CodeCache: size=245760Kb used=1412Kb max_used=1423Kb free=244347Kb
 bounds [0x0000000002dc0000, 0x0000000003030000, 0x0000000011dc0000]
 total_blobs=459 nmethods=203 adapters=169
 compilation: enabled

Compilation events (10 events):
Event: 0.130 Thread 0x000000001c350800 nmethod 197 0x0000000002f1fc90 code [0x0000000002f1fe00, 0x0000000002f20138]
Event: 0.130 Thread 0x000000001c350800  179       1       java.lang.invoke.LambdaForm::arity (5 bytes)
Event: 0.130 Thread 0x000000001c350800 nmethod 179 0x0000000002f16110 code [0x0000000002f16260, 0x0000000002f16370]
Event: 0.130 Thread 0x000000001c350800  200       3       java.util.AbstractCollection::<init> (5 bytes)
Event: 0.131 Thread 0x000000001c350800 nmethod 200 0x0000000002f17610 code [0x0000000002f17760, 0x0000000002f17910]
Event: 0.131 Thread 0x000000001c350800  201       3       jdk.internal.org.objectweb.asm.ByteVector::enlarge (51 bytes)
Event: 0.131 Thread 0x000000001c350800 nmethod 201 0x0000000002f20250 code [0x0000000002f203c0, 0x0000000002f206e8]
Event: 0.131 Thread 0x000000001c346000 nmethod 194 0x0000000002f239d0 code [0x0000000002f23b20, 0x0000000002f23d98]
Event: 0.132 Thread 0x000000001c350800  203       1       java.lang.invoke.MethodTypeForm::basicType (5 bytes)
Event: 0.132 Thread 0x000000001c350800 nmethod 203 0x0000000002f23710 code [0x0000000002f23860, 0x0000000002f23970]

GC Heap History (0 events):
No events

Deoptimization events (0 events):
No events

Classes redefined (0 events):
No events

Internal exceptions (4 events):
Event: 0.029 Thread 0x0000000002cbe800 Exception <a 'java/lang/NoSuchMethodError': Method sun.misc.Unsafe.defineClass(Ljava/lang/String;[BII)Ljava/lang/Class; name or signature does not match> (0x000000076b607cb0) thrown at [C:\re\workspace\8-2-build-windows-amd64-cygwin\jdk8u202\12323\hotspot
Event: 0.029 Thread 0x0000000002cbe800 Exception <a 'java/lang/NoSuchMethodError': Method sun.misc.Unsafe.prefetchRead(Ljava/lang/Object;J)V name or signature does not match> (0x000000076b607f98) thrown at [C:\re\workspace\8-2-build-windows-amd64-cygwin\jdk8u202\12323\hotspot\src\share\vm\prim
Event: 0.117 Thread 0x0000000002cbe800 Exception <a 'java/lang/NoSuchFieldError': method resolution failed> (0x000000076b89a918) thrown at [C:\re\workspace\8-2-build-windows-amd64-cygwin\jdk8u202\12323\hotspot\src\share\vm\prims\methodHandles.cpp, line 1167]
Event: 0.118 Thread 0x0000000002cbe800 Exception <a 'java/lang/NoSuchFieldError': method resolution failed> (0x000000076b8a7c98) thrown at [C:\re\workspace\8-2-build-windows-amd64-cygwin\jdk8u202\12323\hotspot\src\share\vm\prims\methodHandles.cpp, line 1167]

Events (10 events):
Event: 0.130 loading class java/lang/invoke/InfoFromMemberName done
Event: 0.130 loading class java/lang/invoke/InnerClassLambdaMetafactory$ForwardingMethodGenerator
Event: 0.131 loading class java/lang/invoke/TypeConvertingMethodAdapter
Event: 0.131 loading class java/lang/invoke/TypeConvertingMethodAdapter done
Event: 0.131 loading class java/lang/invoke/InnerClassLambdaMetafactory$ForwardingMethodGenerator done
Event: 0.131 Thread 0x000000001e016800 Thread added: 0x000000001e016800
Event: 0.131 loading class coordinate/unsafe/SuperIntegerArray
Event: 0.131 loading class coordinate/unsafe/SuperIntegerArray done
Event: 0.132 loading class coordinate/utility/Sweeper$SweeperRef
Event: 0.132 loading class coordinate/utility/Sweeper$SweeperRef done


Dynamic libraries:
0x00007ff6f4bb0000 - 0x00007ff6f4be7000 	C:\Program Files\Java\jdk1.8.0_202\bin\java.exe
0x00007ffc34630000 - 0x00007ffc34828000 	C:\WINDOWS\SYSTEM32\ntdll.dll
0x00007ffc33440000 - 0x00007ffc334ff000 	C:\WINDOWS\System32\KERNEL32.DLL
0x00007ffc31ee0000 - 0x00007ffc321d6000 	C:\WINDOWS\System32\KERNELBASE.dll
0x00007ffc34490000 - 0x00007ffc3453f000 	C:\WINDOWS\System32\ADVAPI32.dll
0x00007ffc32690000 - 0x00007ffc3272e000 	C:\WINDOWS\System32\msvcrt.dll
0x00007ffc32b40000 - 0x00007ffc32bdc000 	C:\WINDOWS\System32\sechost.dll
0x00007ffc33a20000 - 0x00007ffc33b46000 	C:\WINDOWS\System32\RPCRT4.dll
0x00007ffc33290000 - 0x00007ffc3342d000 	C:\WINDOWS\System32\USER32.dll
0x00007ffc32250000 - 0x00007ffc32272000 	C:\WINDOWS\System32\win32u.dll
0x00007ffc34540000 - 0x00007ffc3456c000 	C:\WINDOWS\System32\GDI32.dll
0x00007ffc324e0000 - 0x00007ffc325f5000 	C:\WINDOWS\System32\gdi32full.dll
0x00007ffc31d10000 - 0x00007ffc31dad000 	C:\WINDOWS\System32\msvcp_win.dll
0x00007ffc31db0000 - 0x00007ffc31eb0000 	C:\WINDOWS\System32\ucrtbase.dll
0x00007ffc1e280000 - 0x00007ffc1e51a000 	C:\WINDOWS\WinSxS\amd64_microsoft.windows.common-controls_6595b64144ccf1df_6.0.19041.1110_none_60b5254171f9507e\COMCTL32.dll
0x00007ffc32b10000 - 0x00007ffc32b40000 	C:\WINDOWS\System32\IMM32.DLL
0x0000000062320000 - 0x00000000623f2000 	C:\Program Files\Java\jdk1.8.0_202\jre\bin\msvcr100.dll
0x0000000062400000 - 0x0000000062ca5000 	C:\Program Files\Java\jdk1.8.0_202\jre\bin\server\jvm.dll
0x00007ffc32fa0000 - 0x00007ffc32fa8000 	C:\WINDOWS\System32\PSAPI.DLL
0x00007ffc2b020000 - 0x00007ffc2b029000 	C:\WINDOWS\SYSTEM32\WSOCK32.dll
0x00007ffc2d830000 - 0x00007ffc2d857000 	C:\WINDOWS\SYSTEM32\WINMM.dll
0x00007ffc2bdb0000 - 0x00007ffc2bdba000 	C:\WINDOWS\SYSTEM32\VERSION.dll
0x00007ffc32aa0000 - 0x00007ffc32b0b000 	C:\WINDOWS\System32\WS2_32.dll
0x00007ffc2b010000 - 0x00007ffc2b01f000 	C:\Program Files\Java\jdk1.8.0_202\jre\bin\verify.dll
0x00007ffc22940000 - 0x00007ffc22969000 	C:\Program Files\Java\jdk1.8.0_202\jre\bin\java.dll
0x00007ffc22920000 - 0x00007ffc22936000 	C:\Program Files\Java\jdk1.8.0_202\jre\bin\zip.dll
0x00007ffc33b50000 - 0x00007ffc34294000 	C:\WINDOWS\System32\SHELL32.dll
0x00007ffc2fde0000 - 0x00007ffc30573000 	C:\WINDOWS\SYSTEM32\windows.storage.dll
0x00007ffc32740000 - 0x00007ffc32a94000 	C:\WINDOWS\System32\combase.dll
0x00007ffc31680000 - 0x00007ffc316ae000 	C:\WINDOWS\SYSTEM32\Wldp.dll
0x00007ffc32c40000 - 0x00007ffc32ced000 	C:\WINDOWS\System32\SHCORE.dll
0x00007ffc32f40000 - 0x00007ffc32f95000 	C:\WINDOWS\System32\shlwapi.dll
0x00007ffc31c50000 - 0x00007ffc31c6f000 	C:\WINDOWS\SYSTEM32\profapi.dll
0x00007ffc2a260000 - 0x00007ffc2a444000 	C:\WINDOWS\SYSTEM32\dbghelp.dll
0x00007ffc32600000 - 0x00007ffc32682000 	C:\WINDOWS\System32\bcryptPrimitives.dll

VM Arguments:
jvm_args: -Dfile.encoding=UTF-8 
java_command: basic.TestUnsafe
java_class_path (initial): C:\Users\user\Documents\Java\JNA\jna-5.8.0.jar;C:\Users\user\Documents\Java\JNA\jna-platform-5.8.0.jar;C:\Users\user\Documents\GitHub\Coordinate\build\classes;C:\Users\user\Documents\GitHub\Coordinate\build\test\classes
Launcher Type: SUN_STANDARD

Environment Variables:
JAVA_HOME=C:\Program Files\Java\jdk1.8.0_144
PATH=C:\Program Files (x86)\Common Files\Intel\Shared Libraries\redist\intel64\mpirt;C:\Program Files (x86)\Common Files\Intel\Shared Libraries\redist\intel64\compiler;C:\Program Files (x86)\Common Files\Oracle\Java\javapath;C:\ProgramData\Oracle\Java\javapath;C:\WINDOWS\system32;C:\WINDOWS;C:\WINDOWS\System32\Wbem;C:\WINDOWS\System32\WindowsPowerShell\v1.0\;C:\Program Files\LuxRender;C:\WINDOWS\System32\OpenSSH\;C:\Program Files\apache-maven-3.6.3\bin;C:\Program Files\Microsoft SQL Server\120\Tools\Binn\;C:\Program Files\nodejs\;C:\Users\user\AppData\Local\Microsoft\WindowsApps;C:\Users\user\AppData\Local\GitHubDesktop\bin;C:\Users\user\AppData\Local\Microsoft\WindowsApps;;C:\Users\user\AppData\Local\Programs\Microsoft VS Code\bin;C:\Users\user\AppData\Roaming\npm
USERNAME=user
OS=Windows_NT
PROCESSOR_IDENTIFIER=Intel64 Family 6 Model 94 Stepping 3, GenuineIntel



---------------  S Y S T E M  ---------------

OS: Windows 10.0 , 64 bit Build 19041 (10.0.19041.3031)

CPU:total 4 (initial active 4) (4 cores per cpu, 1 threads per core) family 6 model 94 stepping 3, cmov, cx8, fxsr, mmx, sse, sse2, sse3, ssse3, sse4.1, sse4.2, popcnt, avx, avx2, aes, clmul, erms, 3dnowpref, lzcnt, tsc, tscinvbit, bmi1, bmi2, adx

Memory: 4k page, physical 16633860k(7700852k free), swap 20969072k(6478956k free)

vm_info: Java HotSpot(TM) 64-Bit Server VM (25.202-b08) for windows-amd64 JRE (1.8.0_202-b08), built on Dec 15 2018 19:54:30 by "java_re" with MS VC++ 10.0 (VS2010)

time: Mon Jul 10 00:20:38 2023
timezone: E. Africa Standard Time
elapsed time: 0 seconds (0d 0h 0m 0s)

