#
# A fatal error has been detected by the Java Runtime Environment:
#
#  EXCEPTION_ACCESS_VIOLATION (0xc0000005) at pc=0x0000000059c380bd, pid=18076, tid=0x0000000000001f40
#
# JRE version: Java(TM) SE Runtime Environment (8.0_202-b08) (build 1.8.0_202-b08)
# Java VM: Java HotSpot(TM) 64-Bit Server VM (25.202-b08 mixed mode windows-amd64 compressed oops)
# Problematic frame:
# V  [jvm.dll+0x1e80bd]
#
# Failed to write core dump. Minidumps are not enabled by default on client versions of Windows
#
# If you would like to submit a bug report, please visit:
#   http://bugreport.java.com/bugreport/crash.jsp
#

---------------  T H R E A D  ---------------

Current thread (0x000000000264e800):  JavaThread "main" [_thread_in_vm, id=8000, stack(0x00000000023b0000,0x00000000024b0000)]

siginfo: ExceptionCode=0xc0000005, writing address 0x0000000000000000

Registers:
RAX=0x000000000264e800, RBX=0x000000000264e800, RCX=0x0000000000000006, RDX=0x00000000024af628
RSP=0x00000000024af540, RBP=0x00000000024af5f0, RSI=0x0000000000000000, RDI=0x0000000000000000
R8 =0x0000000000000000, R9 =0x0000000000000000, R10=0x0000000002668c3b, R11=0x0000000059c7cf20
R12=0x0000000000000000, R13=0x000000001b2aea58, R14=0x00000000024af628, R15=0x000000000264e800
RIP=0x0000000059c380bd, EFLAGS=0x0000000000010246

Top of Stack: (sp=0x00000000024af540)
0x00000000024af540:   0000000002649260 000000000264e800
0x00000000024af550:   000000001b2aea58 000000000e3ff000
0x00000000024af560:   0000000000000118 0000000002668c67
0x00000000024af570:   000000001b2aea58 000000000e3ff000
0x00000000024af580:   000000000264e800 000000001b2aea58
0x00000000024af590:   000000000e3ff000 000000000264e800
0x00000000024af5a0:   00000000024af698 0000000002668962
0x00000000024af5b0:   00000000024af5b0 000000001b2aea58
0x00000000024af5c0:   00000000024af628 000000001b2dc588
0x00000000024af5d0:   0000000000000000 000000001b2aea58
0x00000000024af5e0:   0000000000000000 00000000024af610
0x00000000024af5f0:   00000000024af670 000000000265835d
0x00000000024af600:   0000000000000000 00000000026621d8
0x00000000024af610:   0000000000000000 0000000000000000
0x00000000024af620:   00000000026580e0 000000076b6089a8
0x00000000024af630:   00000000024af630 000000001b635ecd 

Instructions: (pc=0x0000000059c380bd)
0x0000000059c3809d:   c1 05 00 c7 83 70 02 00 00 06 00 00 00 8b 0d 68
0x0000000059c380ad:   3a 5d 00 ff 15 3a a3 3f 00 c6 80 94 02 00 00 01
0x0000000059c380bd:   89 3e c6 80 94 02 00 00 00 48 8b 7b 48 48 8b 47
0x0000000059c380cd:   10 48 8b 77 08 48 83 38 00 74 15 48 8b 57 28 48 


Register to memory mapping:

RAX=0x000000000264e800 is a thread
RBX=0x000000000264e800 is a thread
RCX=0x0000000000000006 is an unknown value
RDX=0x00000000024af628 is pointing into the stack for thread: 0x000000000264e800
RSP=0x00000000024af540 is pointing into the stack for thread: 0x000000000264e800
RBP=0x00000000024af5f0 is pointing into the stack for thread: 0x000000000264e800
RSI=0x0000000000000000 is an unknown value
RDI=0x0000000000000000 is an unknown value
R8 =0x0000000000000000 is an unknown value
R9 =0x0000000000000000 is an unknown value
R10=0x0000000002668c3b is at code_begin+891 in an Interpreter codelet
method entry point (kind = native)  [0x00000000026688c0, 0x0000000002669280]  2496 bytes
R11=0x0000000059c7cf20 is an unknown value
R12=0x0000000000000000 is an unknown value
R13={method} {0x000000001b2aea60} 'putInt' '(JI)V' in 'sun/misc/Unsafe'
R14=0x00000000024af628 is pointing into the stack for thread: 0x000000000264e800
R15=0x000000000264e800 is a thread


Stack: [0x00000000023b0000,0x00000000024b0000],  sp=0x00000000024af540,  free space=1021k
Native frames: (J=compiled Java code, j=interpreted, Vv=VM code, C=native code)
V  [jvm.dll+0x1e80bd]
C  0x0000000002668c67

Java frames: (J=compiled Java code, j=interpreted, Vv=VM code)
j  sun.misc.Unsafe.putInt(JI)V+0
j  memlayout.Test$MemoryInteger.set(JI)V+5
j  memlayout.Test.test3()V+27
j  memlayout.Test.main([Ljava/lang/String;)V+0
v  ~StubRoutines::call_stub

---------------  P R O C E S S  ---------------

Java Threads: ( => current thread )
  0x000000001d8c2800 JavaThread "Sweeper cleaner" daemon [_thread_blocked, id=2292, stack(0x000000001de70000,0x000000001df70000)]
  0x000000001d550800 JavaThread "Service Thread" daemon [_thread_blocked, id=19132, stack(0x000000001d930000,0x000000001da30000)]
  0x000000001bbe4000 JavaThread "C1 CompilerThread2" daemon [_thread_blocked, id=1496, stack(0x000000001d430000,0x000000001d530000)]
  0x000000001bbdb000 JavaThread "C2 CompilerThread1" daemon [_thread_blocked, id=2884, stack(0x000000001d330000,0x000000001d430000)]
  0x000000001bbd7800 JavaThread "C2 CompilerThread0" daemon [_thread_blocked, id=10208, stack(0x000000001d230000,0x000000001d330000)]
  0x000000001bbd6000 JavaThread "Attach Listener" daemon [_thread_blocked, id=19644, stack(0x000000001d130000,0x000000001d230000)]
  0x000000001bbd2000 JavaThread "Signal Dispatcher" daemon [_thread_blocked, id=6784, stack(0x000000001d030000,0x000000001d130000)]
  0x00000000025db800 JavaThread "Finalizer" daemon [_thread_blocked, id=4500, stack(0x000000001ce30000,0x000000001cf30000)]
  0x00000000025d2000 JavaThread "Reference Handler" daemon [_thread_blocked, id=16348, stack(0x000000001cd30000,0x000000001ce30000)]
=>0x000000000264e800 JavaThread "main" [_thread_in_vm, id=8000, stack(0x00000000023b0000,0x00000000024b0000)]

Other Threads:
  0x000000001bb97000 VMThread [stack: 0x000000001cc30000,0x000000001cd30000] [id=12752]
  0x000000001d575800 WatcherThread [stack: 0x000000001da30000,0x000000001db30000] [id=19548]

VM state:not at safepoint (normal execution)

VM Mutex/Monitor currently owned by a thread: None

heap address: 0x00000006c2200000, size: 4062 MB, Compressed Oops mode: Zero based, Oop shift amount: 3
Narrow klass base: 0x0000000000000000, Narrow klass shift: 3
Compressed class space size: 1073741824 Address: 0x00000007c0000000

Heap:
 PSYoungGen      total 75776K, used 5202K [0x000000076b600000, 0x0000000770a80000, 0x00000007c0000000)
  eden space 65024K, 8% used [0x000000076b600000,0x000000076bb14808,0x000000076f580000)
  from space 10752K, 0% used [0x0000000770000000,0x0000000770000000,0x0000000770a80000)
  to   space 10752K, 0% used [0x000000076f580000,0x000000076f580000,0x0000000770000000)
 ParOldGen       total 173568K, used 0K [0x00000006c2200000, 0x00000006ccb80000, 0x000000076b600000)
  object space 173568K, 0% used [0x00000006c2200000,0x00000006c2200000,0x00000006ccb80000)
 Metaspace       used 4379K, capacity 4826K, committed 4992K, reserved 1056768K
  class space    used 493K, capacity 569K, committed 640K, reserved 1048576K

Card table byte_map: [0x0000000011a10000,0x0000000012200000] byte_map_base: 0x000000000e3ff000

Marking Bits: (ParMarkBitMap*) 0x000000005a275ce0
 Begin Bits: [0x0000000012b50000, 0x0000000016ac8000)
 End Bits:   [0x0000000016ac8000, 0x000000001aa40000)

Polling page: 0x0000000000b30000

CodeCache: size=245760Kb used=1632Kb max_used=1649Kb free=244127Kb
 bounds [0x0000000002650000, 0x00000000028c0000, 0x0000000011650000]
 total_blobs=585 nmethods=295 adapters=203
 compilation: enabled

Compilation events (10 events):
Event: 0.349 Thread 0x000000001bbe4000  291       3       jdk.internal.org.objectweb.asm.ByteVector::enlarge (51 bytes)
Event: 0.349 Thread 0x000000001bbe4000 nmethod 291 0x00000000027e6d10 code [0x00000000027e6e80, 0x00000000027e71a8]
Event: 0.349 Thread 0x000000001bbe4000  292       3       jdk.internal.org.objectweb.asm.ByteVector::putInt (74 bytes)
Event: 0.350 Thread 0x000000001bbe4000 nmethod 292 0x00000000027e6750 code [0x00000000027e68c0, 0x00000000027e6b68]
Event: 0.350 Thread 0x000000001bbe4000  293       3       java.lang.invoke.MemberName::isResolved (13 bytes)
Event: 0.350 Thread 0x000000001bbe4000 nmethod 293 0x00000000027e63d0 code [0x00000000027e6520, 0x00000000027e66d0]
Event: 0.350 Thread 0x000000001bbe4000  294       1       java.lang.invoke.MethodTypeForm::basicType (5 bytes)
Event: 0.350 Thread 0x000000001bbe4000 nmethod 294 0x00000000027ec2d0 code [0x00000000027ec420, 0x00000000027ec530]
Event: 0.350 Thread 0x000000001bbe4000  295       1       java.net.URL::getRef (5 bytes)
Event: 0.350 Thread 0x000000001bbe4000 nmethod 295 0x00000000027ec010 code [0x00000000027ec160, 0x00000000027ec270]

GC Heap History (0 events):
No events

Deoptimization events (1 events):
Event: 0.348 Thread 0x000000000264e800 Uncommon trap: reason=unstable_if action=reinterpret pc=0x00000000027af294 method=java.lang.String.lastIndexOf(II)I @ 23

Classes redefined (0 events):
No events

Internal exceptions (4 events):
Event: 0.033 Thread 0x000000000264e800 Exception <a 'java/lang/NoSuchMethodError': Method sun.misc.Unsafe.defineClass(Ljava/lang/String;[BII)Ljava/lang/Class; name or signature does not match> (0x000000076b607cb0) thrown at [C:\re\workspace\8-2-build-windows-amd64-cygwin\jdk8u202\12323\hotspot
Event: 0.033 Thread 0x000000000264e800 Exception <a 'java/lang/NoSuchMethodError': Method sun.misc.Unsafe.prefetchRead(Ljava/lang/Object;J)V name or signature does not match> (0x000000076b607f98) thrown at [C:\re\workspace\8-2-build-windows-amd64-cygwin\jdk8u202\12323\hotspot\src\share\vm\prim
Event: 0.336 Thread 0x000000000264e800 Exception <a 'java/lang/NoSuchFieldError': method resolution failed> (0x000000076b9ee108) thrown at [C:\re\workspace\8-2-build-windows-amd64-cygwin\jdk8u202\12323\hotspot\src\share\vm\prims\methodHandles.cpp, line 1167]
Event: 0.337 Thread 0x000000000264e800 Exception <a 'java/lang/NoSuchFieldError': method resolution failed> (0x000000076b9fb458) thrown at [C:\re\workspace\8-2-build-windows-amd64-cygwin\jdk8u202\12323\hotspot\src\share\vm\prims\methodHandles.cpp, line 1167]

Events (10 events):
Event: 0.348 loading class java/lang/invoke/InfoFromMemberName done
Event: 0.349 loading class java/lang/invoke/InnerClassLambdaMetafactory$ForwardingMethodGenerator
Event: 0.349 loading class java/lang/invoke/TypeConvertingMethodAdapter
Event: 0.349 loading class java/lang/invoke/TypeConvertingMethodAdapter done
Event: 0.349 loading class java/lang/invoke/InnerClassLambdaMetafactory$ForwardingMethodGenerator done
Event: 0.350 Thread 0x000000001d8c2800 Thread added: 0x000000001d8c2800
Event: 0.350 loading class coordinate/memory/nativememory/NativeLayoutMemory
Event: 0.350 loading class coordinate/memory/nativememory/NativeLayoutMemory done
Event: 0.350 loading class coordinate/utility/Sweeper$SweeperRef
Event: 0.350 loading class coordinate/utility/Sweeper$SweeperRef done


Dynamic libraries:
0x00007ff715330000 - 0x00007ff715367000 	C:\Program Files\Java\jdk1.8.0_202\bin\java.exe
0x00007ffb14a30000 - 0x00007ffb14c28000 	C:\WINDOWS\SYSTEM32\ntdll.dll
0x00007ffb12a90000 - 0x00007ffb12b4f000 	C:\WINDOWS\System32\KERNEL32.DLL
0x00007ffb124f0000 - 0x00007ffb127e6000 	C:\WINDOWS\System32\KERNELBASE.dll
0x00007ffb12c20000 - 0x00007ffb12ccf000 	C:\WINDOWS\System32\ADVAPI32.dll
0x00007ffb13d70000 - 0x00007ffb13e0e000 	C:\WINDOWS\System32\msvcrt.dll
0x00007ffb14600000 - 0x00007ffb1469c000 	C:\WINDOWS\System32\sechost.dll
0x00007ffb148b0000 - 0x00007ffb149d6000 	C:\WINDOWS\System32\RPCRT4.dll
0x00007ffb13ba0000 - 0x00007ffb13d3d000 	C:\WINDOWS\System32\USER32.dll
0x00007ffb12310000 - 0x00007ffb12332000 	C:\WINDOWS\System32\win32u.dll
0x00007ffb130a0000 - 0x00007ffb130cc000 	C:\WINDOWS\System32\GDI32.dll
0x00007ffb127f0000 - 0x00007ffb12905000 	C:\WINDOWS\System32\gdi32full.dll
0x00007ffb129f0000 - 0x00007ffb12a8d000 	C:\WINDOWS\System32\msvcp_win.dll
0x00007ffb123f0000 - 0x00007ffb124f0000 	C:\WINDOWS\System32\ucrtbase.dll
0x00007ffafe7b0000 - 0x00007ffafea4a000 	C:\WINDOWS\WinSxS\amd64_microsoft.windows.common-controls_6595b64144ccf1df_6.0.19041.1110_none_60b5254171f9507e\COMCTL32.dll
0x00007ffb133a0000 - 0x00007ffb133d0000 	C:\WINDOWS\System32\IMM32.DLL
0x0000000059970000 - 0x0000000059a42000 	C:\Program Files\Java\jdk1.8.0_202\jre\bin\msvcr100.dll
0x0000000059a50000 - 0x000000005a2f5000 	C:\Program Files\Java\jdk1.8.0_202\jre\bin\server\jvm.dll
0x00007ffb149e0000 - 0x00007ffb149e8000 	C:\WINDOWS\System32\PSAPI.DLL
0x00007ffb017a0000 - 0x00007ffb017a9000 	C:\WINDOWS\SYSTEM32\WSOCK32.dll
0x00007ffb14840000 - 0x00007ffb148ab000 	C:\WINDOWS\System32\WS2_32.dll
0x00007ffb0d380000 - 0x00007ffb0d3a7000 	C:\WINDOWS\SYSTEM32\WINMM.dll
0x00007ffb0c040000 - 0x00007ffb0c04a000 	C:\WINDOWS\SYSTEM32\VERSION.dll
0x00007ffb01760000 - 0x00007ffb0176f000 	C:\Program Files\Java\jdk1.8.0_202\jre\bin\verify.dll
0x00007ffaee7f0000 - 0x00007ffaee819000 	C:\Program Files\Java\jdk1.8.0_202\jre\bin\java.dll
0x00007ffaee7d0000 - 0x00007ffaee7e6000 	C:\Program Files\Java\jdk1.8.0_202\jre\bin\zip.dll
0x00007ffb13450000 - 0x00007ffb13b94000 	C:\WINDOWS\System32\SHELL32.dll
0x00007ffb101d0000 - 0x00007ffb10963000 	C:\WINDOWS\SYSTEM32\windows.storage.dll
0x00007ffb12cd0000 - 0x00007ffb13024000 	C:\WINDOWS\System32\combase.dll
0x00007ffb11a80000 - 0x00007ffb11aae000 	C:\WINDOWS\SYSTEM32\Wldp.dll
0x00007ffb146a0000 - 0x00007ffb1474d000 	C:\WINDOWS\System32\SHCORE.dll
0x00007ffb13040000 - 0x00007ffb13095000 	C:\WINDOWS\System32\shlwapi.dll
0x00007ffb12040000 - 0x00007ffb12065000 	C:\WINDOWS\SYSTEM32\profapi.dll
0x00007ffb119e0000 - 0x00007ffb119f8000 	C:\WINDOWS\SYSTEM32\CRYPTSP.dll
0x00007ffb110f0000 - 0x00007ffb11124000 	C:\WINDOWS\system32\rsaenh.dll
0x00007ffb12270000 - 0x00007ffb12297000 	C:\WINDOWS\System32\bcrypt.dll
0x00007ffb12000000 - 0x00007ffb1202e000 	C:\WINDOWS\SYSTEM32\USERENV.dll
0x00007ffb12910000 - 0x00007ffb12992000 	C:\WINDOWS\System32\bcryptprimitives.dll
0x00007ffb119d0000 - 0x00007ffb119dc000 	C:\WINDOWS\SYSTEM32\CRYPTBASE.dll
0x00007ffaee7b0000 - 0x00007ffaee7ca000 	C:\Program Files\Java\jdk1.8.0_202\jre\bin\net.dll
0x00007ffb01a00000 - 0x00007ffb01bed000 	C:\WINDOWS\SYSTEM32\urlmon.dll
0x00007ffb019d0000 - 0x00007ffb019f9000 	C:\WINDOWS\SYSTEM32\srvcli.dll
0x00007ffb01d30000 - 0x00007ffb01fec000 	C:\WINDOWS\SYSTEM32\iertutil.dll
0x00007ffb11630000 - 0x00007ffb1163c000 	C:\WINDOWS\SYSTEM32\netutils.dll
0x00007ffb117e0000 - 0x00007ffb1184a000 	C:\WINDOWS\system32\mswsock.dll
0x00007ffb114d0000 - 0x00007ffb1150b000 	C:\WINDOWS\SYSTEM32\IPHLPAPI.DLL
0x00007ffb13030000 - 0x00007ffb13038000 	C:\WINDOWS\System32\NSI.dll
0x00007ffb089d0000 - 0x00007ffb089e7000 	C:\WINDOWS\SYSTEM32\dhcpcsvc6.DLL
0x00007ffb09b20000 - 0x00007ffb09b3d000 	C:\WINDOWS\SYSTEM32\dhcpcsvc.DLL
0x00007ffb11510000 - 0x00007ffb115da000 	C:\WINDOWS\SYSTEM32\DNSAPI.dll
0x00007ffaee790000 - 0x00007ffaee7a2000 	C:\Program Files\Java\jdk1.8.0_202\jre\bin\nio.dll
0x00007ffb09cf0000 - 0x00007ffb09ed4000 	C:\WINDOWS\SYSTEM32\dbghelp.dll

VM Arguments:
jvm_args: -Dfile.encoding=UTF-8 
java_command: memlayout.Test
java_class_path (initial): C:\Users\user\Documents\Java\JNA\jna-5.8.0.jar;C:\Users\user\Documents\Java\JNA\jna-platform-5.8.0.jar;C:\Users\user\Documents\GitHub\Coordinate\build\classes;C:\Users\user\Documents\GitHub\Coordinate\build\test\classes
Launcher Type: SUN_STANDARD

Environment Variables:
JAVA_HOME=C:\Program Files\Java\jdk1.8.0_144
PATH=C:\Program Files (x86)\Common Files\Intel\Shared Libraries\redist\intel64\mpirt;C:\Program Files (x86)\Common Files\Intel\Shared Libraries\redist\intel64\compiler;C:\Program Files (x86)\Common Files\Oracle\Java\javapath;C:\ProgramData\Oracle\Java\javapath;C:\WINDOWS\system32;C:\WINDOWS;C:\WINDOWS\System32\Wbem;C:\WINDOWS\System32\WindowsPowerShell\v1.0\;C:\Program Files\LuxRender;C:\WINDOWS\System32\OpenSSH\;C:\Program Files\apache-maven-3.6.3\bin;C:\Program Files\Microsoft SQL Server\120\Tools\Binn\;C:\Program Files\nodejs\;C:\Users\user\AppData\Local\Microsoft\WindowsApps;C:\Users\user\AppData\Local\GitHubDesktop\bin;C:\Users\user\AppData\Local\Microsoft\WindowsApps;;C:\Users\user\AppData\Local\Programs\Microsoft VS Code\bin;C:\Users\user\AppData\Roaming\npm
USERNAME=user
OS=Windows_NT
PROCESSOR_IDENTIFIER=Intel64 Family 6 Model 94 Stepping 3, GenuineIntel



---------------  S Y S T E M  ---------------

OS: Windows 10.0 , 64 bit Build 19041 (10.0.19041.3155)

CPU:total 4 (initial active 4) (4 cores per cpu, 1 threads per core) family 6 model 94 stepping 3, cmov, cx8, fxsr, mmx, sse, sse2, sse3, ssse3, sse4.1, sse4.2, popcnt, avx, avx2, aes, clmul, erms, 3dnowpref, lzcnt, tsc, tscinvbit, bmi1, bmi2, adx

Memory: 4k page, physical 16633860k(9070276k free), swap 22138884k(10380488k free)

vm_info: Java HotSpot(TM) 64-Bit Server VM (25.202-b08) for windows-amd64 JRE (1.8.0_202-b08), built on Dec 15 2018 19:54:30 by "java_re" with MS VC++ 10.0 (VS2010)

time: Sat Sep 16 15:21:04 2023
timezone: E. Africa Standard Time
elapsed time: 0 seconds (0d 0h 0m 0s)

