#
# A fatal error has been detected by the Java Runtime Environment:
#
#  EXCEPTION_ACCESS_VIOLATION (0xc0000005) at pc=0x0000000059c71d07, pid=16024, tid=0x0000000000002d8c
#
# JRE version: Java(TM) SE Runtime Environment (8.0_202-b08) (build 1.8.0_202-b08)
# Java VM: Java HotSpot(TM) 64-Bit Server VM (25.202-b08 mixed mode windows-amd64 compressed oops)
# Problematic frame:
# V  [jvm.dll+0x221d07]
#
# Failed to write core dump. Minidumps are not enabled by default on client versions of Windows
#
# If you would like to submit a bug report, please visit:
#   http://bugreport.java.com/bugreport/crash.jsp
#

---------------  T H R E A D  ---------------

Current thread (0x000000001c3ab800):  WatcherThread [stack: 0x000000001e1a0000,0x000000001e2a0000] [id=11660]

siginfo: ExceptionCode=0xc0000005, reading address 0x0000000000000000

Registers:
RAX=0x0000000000000000, RBX=0x000000001c33cde0, RCX=0x0000000002c4fa20, RDX=0x000000000000003e
RSP=0x000000001e29f380, RBP=0x0000000000000003, RSI=0x0000000002c4f930, RDI=0x0000000000000020
R8 =0x0000000000000000, R9 =0x000000007ffed000, R10=0x00000000546c6148, R11=0x0000000003b7bbc0
R12=0x000000000000003e, R13=0x0000000000000000, R14=0x0000000000000000, R15=0x0000000000000000
RIP=0x0000000059c71d07, EFLAGS=0x0000000000010202

Top of Stack: (sp=0x000000001e29f380)
0x000000001e29f380:   000000001c3ab800 0000000059c68b31
0x000000001e29f390:   0000000000000032 0000000059c68595
0x000000001e29f3a0:   0000000000000004 0000000059c8a71e
0x000000001e29f3b0:   0000000000000002 000a3bf5c4a2281c
0x000000001e29f3c0:   000000001e29f720 0000000059c8fe16
0x000000001e29f3d0:   000000005a268658 0000000059c8f07d
0x000000001e29f3e0:   0000000000000001 0000000002c41cd0
0x000000001e29f3f0:   0000000000000000 0000000000000000
0x000000001e29f400:   0000000000000000 0000000000000000
0x000000001e29f410:   000000000000003e 0000000059c91d80
0x000000001e29f420:   000000001e29f720 0000000000000000
0x000000001e29f430:   000000001c3ab800 0000000000000000
0x000000001e29f440:   0000000000000000 00007ffb14a82690
0x000000001e29f450:   000000000000027f 0000000000000000
0x000000001e29f460:   0000000000000000 0000ffff00001f80
0x000000001e29f470:   000000001c3ab800 0000000059cefc6a 

Instructions: (pc=0x0000000059c71d07)
0x0000000059c71ce7:   e9 a4 b3 f5 ff cc cc cc cc 40 53 48 83 ec 20 48
0x0000000059c71cf7:   83 79 38 00 48 8b d9 74 10 48 8b 49 38 48 8b 01
0x0000000059c71d07:   ff 10 48 8b 4b 28 48 89 01 48 83 c4 20 5b c3 cc
0x0000000059c71d17:   cc cc cc cc cc cc cc cc cc 40 53 48 83 ec 20 4c 


Register to memory mapping:

RAX=0x0000000000000000 is an unknown value
RBX=0x000000001c33cde0 is an unknown value
RCX=0x0000000002c4fa20 is an unknown value
RDX=0x000000000000003e is an unknown value
RSP=0x000000001e29f380 is an unknown value
RBP=0x0000000000000003 is an unknown value
RSI=0x0000000002c4f930 is an unknown value
RDI=0x0000000000000020 is an unknown value
R8 =0x0000000000000000 is an unknown value
R9 =0x000000007ffed000 is an unknown value
R10=0x00000000546c6148 is an unknown value
R11=0x0000000003b7bbc0 is an unknown value
R12=0x000000000000003e is an unknown value
R13=0x0000000000000000 is an unknown value
R14=0x0000000000000000 is an unknown value
R15=0x0000000000000000 is an unknown value


Stack: [0x000000001e1a0000,0x000000001e2a0000],  sp=0x000000001e29f380,  free space=1020k
Native frames: (J=compiled Java code, j=interpreted, Vv=VM code, C=native code)
V  [jvm.dll+0x221d07]
V  [jvm.dll+0x23a71e]
V  [jvm.dll+0x23f07d]
V  [jvm.dll+0x241d80]
V  [jvm.dll+0x29fc6a]
C  [msvcr100.dll+0x21d9f]
C  [msvcr100.dll+0x21e3b]
C  [KERNEL32.DLL+0x17614]
C  [ntdll.dll+0x526b1]


---------------  P R O C E S S  ---------------

Java Threads: ( => current thread )
  0x000000001dcd8800 JavaThread "Service Thread" daemon [_thread_blocked, id=6588, stack(0x000000001e0a0000,0x000000001e1a0000)]
  0x000000001c35e800 JavaThread "C1 CompilerThread2" daemon [_thread_in_vm, id=8304, stack(0x000000001dba0000,0x000000001dca0000)]
  0x000000001c35a000 JavaThread "C2 CompilerThread1" daemon [_thread_blocked, id=10008, stack(0x000000001daa0000,0x000000001dba0000)]
  0x000000001c356000 JavaThread "C2 CompilerThread0" daemon [_thread_blocked, id=1556, stack(0x000000001d9a0000,0x000000001daa0000)]
  0x000000001c354800 JavaThread "Attach Listener" daemon [_thread_blocked, id=9228, stack(0x000000001d8a0000,0x000000001d9a0000)]
  0x000000001c353000 JavaThread "Signal Dispatcher" daemon [_thread_blocked, id=2668, stack(0x000000001d7a0000,0x000000001d8a0000)]
  0x0000000002d3c800 JavaThread "Finalizer" daemon [_thread_blocked, id=9912, stack(0x000000001d5a0000,0x000000001d6a0000)]
  0x000000001c33a000 JavaThread "Reference Handler" daemon [_thread_blocked, id=6308, stack(0x000000001d4a0000,0x000000001d5a0000)]
  0x0000000002d7e800 JavaThread "main" [_thread_in_vm, id=13032, stack(0x0000000001370000,0x0000000001470000)]

Other Threads:
  0x000000001c317000 VMThread [stack: 0x000000001d3a0000,0x000000001d4a0000] [id=15120]
=>0x000000001c3ab800 WatcherThread [stack: 0x000000001e1a0000,0x000000001e2a0000] [id=11660]

VM state:not at safepoint (normal execution)

VM Mutex/Monitor currently owned by a thread:  ([mutex/lock_event])
[0x0000000002c41cd0] PeriodicTask_lock - owner thread: 0x000000001c3ab800

heap address: 0x00000006c2200000, size: 4062 MB, Compressed Oops mode: Zero based, Oop shift amount: 3
Narrow klass base: 0x0000000000000000, Narrow klass shift: 3
Compressed class space size: 1073741824 Address: 0x00000007c0000000

Heap:
 PSYoungGen      total 75776K, used 3901K [0x000000076b600000, 0x0000000770a80000, 0x00000007c0000000)
  eden space 65024K, 6% used [0x000000076b600000,0x000000076b9cf650,0x000000076f580000)
  from space 10752K, 0% used [0x0000000770000000,0x0000000770000000,0x0000000770a80000)
  to   space 10752K, 0% used [0x000000076f580000,0x000000076f580000,0x0000000770000000)
 ParOldGen       total 173568K, used 0K [0x00000006c2200000, 0x00000006ccb80000, 0x000000076b600000)
  object space 173568K, 0% used [0x00000006c2200000,0x00000006c2200000,0x00000006ccb80000)
 Metaspace       used 3992K, capacity 4676K, committed 4864K, reserved 1056768K
  class space    used 433K, capacity 482K, committed 512K, reserved 1048576K

Card table byte_map: [0x0000000012140000,0x0000000012930000] byte_map_base: 0x000000000eb2f000

Marking Bits: (ParMarkBitMap*) 0x000000005a275ce0
 Begin Bits: [0x0000000013280000, 0x00000000171f8000)
 End Bits:   [0x00000000171f8000, 0x000000001b170000)

Polling page: 0x0000000001470000

CodeCache: size=245760Kb used=1380Kb max_used=1380Kb free=244379Kb
 bounds [0x0000000002d80000, 0x0000000002ff0000, 0x0000000011d80000]
 total_blobs=456 nmethods=170 adapters=199
 compilation: enabled

Compilation events (10 events):
Event: 0.318 Thread 0x000000001c35e800 nmethod 119 0x0000000002ec06d0 code [0x0000000002ec0840, 0x0000000002ec0a88]
Event: 0.318 Thread 0x000000001c35e800  118   !   3       java.lang.StringCoding$StringEncoder::encode (179 bytes)
Event: 0.320 Thread 0x000000001c35e800 nmethod 118 0x0000000002ec0f10 code [0x0000000002ec1260, 0x0000000002ec2f38]
Event: 0.320 Thread 0x000000001c35e800  114  s    3       sun.nio.fs.WindowsDirectoryStream$WindowsDirectoryIterator::hasNext (35 bytes)
Event: 0.320 Thread 0x000000001c35e800 nmethod 114 0x0000000002ec4110 code [0x0000000002ec4280, 0x0000000002ec4688]
Event: 0.320 Thread 0x000000001c35e800  116       3       sun.nio.fs.WindowsFileAttributes::fromFindData (127 bytes)
Event: 0.320 Thread 0x000000001c35e800 nmethod 116 0x0000000002ec4750 code [0x0000000002ec48c0, 0x0000000002ec4c48]
Event: 0.320 Thread 0x000000001c35e800  117       3       sun.nio.fs.WindowsFileAttributes::isReparsePoint (14 bytes)
Event: 0.320 Thread 0x000000001c35e800 nmethod 117 0x0000000002ec4d90 code [0x0000000002ec4ee0, 0x0000000002ec5070]
Event: 0.320 Thread 0x000000001c35e800  105       3       sun.nio.fs.WindowsPathParser::parse (384 bytes)

GC Heap History (0 events):
No events

Deoptimization events (0 events):
No events

Classes redefined (0 events):
No events

Internal exceptions (2 events):
Event: 0.032 Thread 0x0000000002d7e800 Exception <a 'java/lang/NoSuchMethodError': Method sun.misc.Unsafe.defineClass(Ljava/lang/String;[BII)Ljava/lang/Class; name or signature does not match> (0x000000076b607cb0) thrown at [C:\re\workspace\8-2-build-windows-amd64-cygwin\jdk8u202\12323\hotspot
Event: 0.032 Thread 0x0000000002d7e800 Exception <a 'java/lang/NoSuchMethodError': Method sun.misc.Unsafe.prefetchRead(Ljava/lang/Object;J)V name or signature does not match> (0x000000076b607f98) thrown at [C:\re\workspace\8-2-build-windows-amd64-cygwin\jdk8u202\12323\hotspot\src\share\vm\prim

Events (10 events):
Event: 0.321 loading class java/lang/invoke/MethodTypeForm
Event: 0.321 loading class java/lang/invoke/MethodTypeForm done
Event: 0.321 loading class java/lang/invoke/Invokers
Event: 0.321 loading class java/lang/invoke/Invokers done
Event: 0.321 loading class java/lang/invoke/MethodType$ConcurrentWeakInternSet$WeakEntry
Event: 0.321 loading class java/lang/invoke/MethodType$ConcurrentWeakInternSet$WeakEntry done
Event: 0.321 loading class java/lang/invoke/MethodHandles
Event: 0.321 loading class java/lang/invoke/MethodHandles done
Event: 0.321 loading class sun/invoke/util/Wrapper
Event: 0.321 loading class sun/invoke/util/Wrapper done


Dynamic libraries:
0x00007ff715330000 - 0x00007ff715367000 	C:\Program Files\Java\jdk1.8.0_202\bin\java.exe
0x00007ffb14a30000 - 0x00007ffb14c28000 	C:\WINDOWS\SYSTEM32\ntdll.dll
0x00007ffb12a90000 - 0x00007ffb12b4f000 	C:\WINDOWS\System32\KERNEL32.DLL
0x00007ffb124f0000 - 0x00007ffb127e6000 	C:\WINDOWS\System32\KERNELBASE.dll
0x00007ffb12c20000 - 0x00007ffb12ccf000 	C:\WINDOWS\System32\ADVAPI32.dll
0x00007ffb13d70000 - 0x00007ffb13e0e000 	C:\WINDOWS\System32\msvcrt.dll
0x00007ffb14600000 - 0x00007ffb1469c000 	C:\WINDOWS\System32\sechost.dll
0x00007ffb148b0000 - 0x00007ffb149d6000 	C:\WINDOWS\System32\RPCRT4.dll
0x00007ffb13ba0000 - 0x00007ffb13d3d000 	C:\WINDOWS\System32\USER32.dll
0x00007ffb12310000 - 0x00007ffb12332000 	C:\WINDOWS\System32\win32u.dll
0x00007ffb130a0000 - 0x00007ffb130cc000 	C:\WINDOWS\System32\GDI32.dll
0x00007ffb127f0000 - 0x00007ffb12905000 	C:\WINDOWS\System32\gdi32full.dll
0x00007ffb129f0000 - 0x00007ffb12a8d000 	C:\WINDOWS\System32\msvcp_win.dll
0x00007ffb123f0000 - 0x00007ffb124f0000 	C:\WINDOWS\System32\ucrtbase.dll
0x00007ffafe7b0000 - 0x00007ffafea4a000 	C:\WINDOWS\WinSxS\amd64_microsoft.windows.common-controls_6595b64144ccf1df_6.0.19041.1110_none_60b5254171f9507e\COMCTL32.dll
0x00007ffb133a0000 - 0x00007ffb133d0000 	C:\WINDOWS\System32\IMM32.DLL
0x0000000059970000 - 0x0000000059a42000 	C:\Program Files\Java\jdk1.8.0_202\jre\bin\msvcr100.dll
0x0000000059a50000 - 0x000000005a2f5000 	C:\Program Files\Java\jdk1.8.0_202\jre\bin\server\jvm.dll
0x00007ffb149e0000 - 0x00007ffb149e8000 	C:\WINDOWS\System32\PSAPI.DLL
0x00007ffb0d380000 - 0x00007ffb0d3a7000 	C:\WINDOWS\SYSTEM32\WINMM.dll
0x00007ffb017a0000 - 0x00007ffb017a9000 	C:\WINDOWS\SYSTEM32\WSOCK32.dll
0x00007ffb0c040000 - 0x00007ffb0c04a000 	C:\WINDOWS\SYSTEM32\VERSION.dll
0x00007ffb14840000 - 0x00007ffb148ab000 	C:\WINDOWS\System32\WS2_32.dll
0x00007ffb01760000 - 0x00007ffb0176f000 	C:\Program Files\Java\jdk1.8.0_202\jre\bin\verify.dll
0x00007ffaee7f0000 - 0x00007ffaee819000 	C:\Program Files\Java\jdk1.8.0_202\jre\bin\java.dll
0x00007ffaee7d0000 - 0x00007ffaee7e6000 	C:\Program Files\Java\jdk1.8.0_202\jre\bin\zip.dll
0x00007ffb13450000 - 0x00007ffb13b94000 	C:\WINDOWS\System32\SHELL32.dll
0x00007ffb101d0000 - 0x00007ffb10963000 	C:\WINDOWS\SYSTEM32\windows.storage.dll
0x00007ffb12cd0000 - 0x00007ffb13024000 	C:\WINDOWS\System32\combase.dll
0x00007ffb11a80000 - 0x00007ffb11aae000 	C:\WINDOWS\SYSTEM32\Wldp.dll
0x00007ffb146a0000 - 0x00007ffb1474d000 	C:\WINDOWS\System32\SHCORE.dll
0x00007ffb13040000 - 0x00007ffb13095000 	C:\WINDOWS\System32\shlwapi.dll
0x00007ffb12040000 - 0x00007ffb12065000 	C:\WINDOWS\SYSTEM32\profapi.dll
0x00007ffb119e0000 - 0x00007ffb119f8000 	C:\WINDOWS\SYSTEM32\CRYPTSP.dll
0x00007ffb110f0000 - 0x00007ffb11124000 	C:\WINDOWS\system32\rsaenh.dll
0x00007ffb12270000 - 0x00007ffb12297000 	C:\WINDOWS\System32\bcrypt.dll
0x00007ffb12000000 - 0x00007ffb1202e000 	C:\WINDOWS\SYSTEM32\USERENV.dll
0x00007ffb12910000 - 0x00007ffb12992000 	C:\WINDOWS\System32\bcryptprimitives.dll
0x00007ffb119d0000 - 0x00007ffb119dc000 	C:\WINDOWS\SYSTEM32\CRYPTBASE.dll
0x00007ffaee7b0000 - 0x00007ffaee7ca000 	C:\Program Files\Java\jdk1.8.0_202\jre\bin\net.dll
0x00007ffb01a00000 - 0x00007ffb01bed000 	C:\WINDOWS\SYSTEM32\urlmon.dll
0x00007ffb01d30000 - 0x00007ffb01fec000 	C:\WINDOWS\SYSTEM32\iertutil.dll
0x00007ffb019d0000 - 0x00007ffb019f9000 	C:\WINDOWS\SYSTEM32\srvcli.dll
0x00007ffb11630000 - 0x00007ffb1163c000 	C:\WINDOWS\SYSTEM32\netutils.dll
0x00007ffb117e0000 - 0x00007ffb1184a000 	C:\WINDOWS\system32\mswsock.dll
0x00007ffb114d0000 - 0x00007ffb1150b000 	C:\WINDOWS\SYSTEM32\IPHLPAPI.DLL
0x00007ffb13030000 - 0x00007ffb13038000 	C:\WINDOWS\System32\NSI.dll
0x00007ffb089d0000 - 0x00007ffb089e7000 	C:\WINDOWS\SYSTEM32\dhcpcsvc6.DLL
0x00007ffb09b20000 - 0x00007ffb09b3d000 	C:\WINDOWS\SYSTEM32\dhcpcsvc.DLL
0x00007ffb11510000 - 0x00007ffb115da000 	C:\WINDOWS\SYSTEM32\DNSAPI.dll
0x00007ffaee790000 - 0x00007ffaee7a2000 	C:\Program Files\Java\jdk1.8.0_202\jre\bin\nio.dll
0x00007ffb09cf0000 - 0x00007ffb09ed4000 	C:\WINDOWS\SYSTEM32\dbghelp.dll

VM Arguments:
jvm_args: -Dfile.encoding=UTF-8 
java_command: memlayout.Test
java_class_path (initial): C:\Users\user\Documents\Java\JNA\jna-5.8.0.jar;C:\Users\user\Documents\Java\JNA\jna-platform-5.8.0.jar;C:\Users\user\Documents\GitHub\Coordinate\build\classes;C:\Users\user\Documents\GitHub\Coordinate\build\test\classes
Launcher Type: SUN_STANDARD

Environment Variables:
JAVA_HOME=C:\Program Files\Java\jdk1.8.0_144
PATH=C:\Program Files (x86)\Common Files\Intel\Shared Libraries\redist\intel64\mpirt;C:\Program Files (x86)\Common Files\Intel\Shared Libraries\redist\intel64\compiler;C:\Program Files (x86)\Common Files\Oracle\Java\javapath;C:\ProgramData\Oracle\Java\javapath;C:\WINDOWS\system32;C:\WINDOWS;C:\WINDOWS\System32\Wbem;C:\WINDOWS\System32\WindowsPowerShell\v1.0\;C:\Program Files\LuxRender;C:\WINDOWS\System32\OpenSSH\;C:\Program Files\apache-maven-3.6.3\bin;C:\Program Files\Microsoft SQL Server\120\Tools\Binn\;C:\Program Files\nodejs\;C:\Users\user\AppData\Local\Microsoft\WindowsApps;C:\Users\user\AppData\Local\GitHubDesktop\bin;C:\Users\user\AppData\Local\Microsoft\WindowsApps;;C:\Users\user\AppData\Local\Programs\Microsoft VS Code\bin;C:\Users\user\AppData\Roaming\npm
USERNAME=user
OS=Windows_NT
PROCESSOR_IDENTIFIER=Intel64 Family 6 Model 94 Stepping 3, GenuineIntel



---------------  S Y S T E M  ---------------

OS: Windows 10.0 , 64 bit Build 19041 (10.0.19041.3155)

CPU:total 4 (initial active 4) (4 cores per cpu, 1 threads per core) family 6 model 94 stepping 3, cmov, cx8, fxsr, mmx, sse, sse2, sse3, ssse3, sse4.1, sse4.2, popcnt, avx, avx2, aes, clmul, erms, 3dnowpref, lzcnt, tsc, tscinvbit, bmi1, bmi2, adx

Memory: 4k page, physical 16633860k(8350012k free), swap 22138884k(9365840k free)

vm_info: Java HotSpot(TM) 64-Bit Server VM (25.202-b08) for windows-amd64 JRE (1.8.0_202-b08), built on Dec 15 2018 19:54:30 by "java_re" with MS VC++ 10.0 (VS2010)

time: Sat Sep 16 16:29:24 2023
timezone: E. Africa Standard Time
elapsed time: 0 seconds (0d 0h 0m 0s)

