#
# A fatal error has been detected by the Java Runtime Environment:
#
#  EXCEPTION_ACCESS_VIOLATION (0xc0000005) at pc=0x0000000075988392, pid=16532, tid=0x0000000000004220
#
# JRE version: Java(TM) SE Runtime Environment (8.0_202-b08) (build 1.8.0_202-b08)
# Java VM: Java HotSpot(TM) 64-Bit Server VM (25.202-b08 mixed mode windows-amd64 compressed oops)
# Problematic frame:
# V  [jvm.dll+0x1e8392]
#
# Failed to write core dump. Minidumps are not enabled by default on client versions of Windows
#
# If you would like to submit a bug report, please visit:
#   http://bugreport.java.com/bugreport/crash.jsp
#

---------------  T H R E A D  ---------------

Current thread (0x000000000252e800):  JavaThread "main" [_thread_in_vm, id=16928, stack(0x0000000002240000,0x0000000002340000)]

siginfo: ExceptionCode=0xc0000005, writing address 0x0000000000000004

Registers:
RAX=0x000000000252e800, RBX=0x000000000252e800, RCX=0x0000000000000007, RDX=0x000000000233f168
RSP=0x000000000233f070, RBP=0x000000000233f130, RSI=0x0000000000000108, RDI=0x0000000000000004
R8 =0x0000000000000004, R9 =0x0000000002527980, R10=0x0000000002548c3b, R11=0x00000000759ccf20
R12=0x0000000000000000, R13=0x000000001b18ecb8, R14=0x000000000233f168, R15=0x000000000252e800
RIP=0x0000000075988392, EFLAGS=0x0000000000010246

Top of Stack: (sp=0x000000000233f070)
0x000000000233f070:   0000000000000009 0000000002548ad7
0x000000000233f080:   00000000025296a0 000000000252e800
0x000000000233f090:   0000000000000000 0000000000000000
0x000000000233f0a0:   0000000000000009 0000000002548c67
0x000000000233f0b0:   000000001b18ecb8 0000000000000108
0x000000000233f0c0:   000000000252e800 000000001b18ecb8
0x000000000233f0d0:   0000000000000108 000000000252e800
0x000000000233f0e0:   000000000233f1e0 0000000002548962
0x000000000233f0f0:   000000000233f0f0 000000001b18ecb8
0x000000000233f100:   000000000233f168 000000001b1bc588
0x000000000233f110:   0000000000000000 000000001b18ecb8
0x000000000233f120:   0000000000000000 000000000233f150
0x000000000233f130:   000000000233f1b0 000000000253835d
0x000000000233f140:   0000000000000000 00000000025421d8
0x000000000233f150:   0000000040a00000 0000000000000004
0x000000000233f160:   00000000025380e0 000000076b6089a8 

Instructions: (pc=0x0000000075988392)
0x0000000075988372:   be 05 00 c7 83 70 02 00 00 06 00 00 00 8b 0d 93
0x0000000075988382:   37 5d 00 ff 15 65 a0 3f 00 c6 80 94 02 00 00 01
0x0000000075988392:   f3 0f 11 37 c6 80 94 02 00 00 00 48 8b 7b 48 48
0x00000000759883a2:   8b 47 10 48 8b 77 08 48 83 38 00 74 15 48 8b 57 


Register to memory mapping:

RAX=0x000000000252e800 is a thread
RBX=0x000000000252e800 is a thread
RCX=0x0000000000000007 is an unknown value
RDX=0x000000000233f168 is pointing into the stack for thread: 0x000000000252e800
RSP=0x000000000233f070 is pointing into the stack for thread: 0x000000000252e800
RBP=0x000000000233f130 is pointing into the stack for thread: 0x000000000252e800
RSI=0x0000000000000108 is an unknown value
RDI=0x0000000000000004 is an unknown value
R8 =0x0000000000000004 is an unknown value
R9 =0x0000000002527980 is an unknown value
R10=0x0000000002548c3b is at code_begin+891 in an Interpreter codelet
method entry point (kind = native)  [0x00000000025488c0, 0x0000000002549280]  2496 bytes
R11=0x00000000759ccf20 is an unknown value
R12=0x0000000000000000 is an unknown value
R13={method} {0x000000001b18ecc0} 'putFloat' '(JF)V' in 'sun/misc/Unsafe'
R14=0x000000000233f168 is pointing into the stack for thread: 0x000000000252e800
R15=0x000000000252e800 is a thread


Stack: [0x0000000002240000,0x0000000002340000],  sp=0x000000000233f070,  free space=1020k
Native frames: (J=compiled Java code, j=interpreted, Vv=VM code, C=native code)
V  [jvm.dll+0x1e8392]
C  0x0000000002548c67

Java frames: (J=compiled Java code, j=interpreted, Vv=VM code)
j  sun.misc.Unsafe.putFloat(JF)V+0
j  coordinate.memory.layout.MemoryAllocator$MemoryNativeImpl.set(Lcoordinate/memory/layout/LayoutValue$OfFloat;JF)V+6
j  coordinate.memory.layout.ValueState.set(Lcoordinate/memory/layout/MemoryRegion;JLjava/lang/Object;)V+195
j  memlayout.Test.test6()V+85
j  memlayout.Test.main([Ljava/lang/String;)V+0
v  ~StubRoutines::call_stub

---------------  P R O C E S S  ---------------

Java Threads: ( => current thread )
  0x000000001d7dc800 JavaThread "Sweeper cleaner" daemon [_thread_blocked, id=2108, stack(0x000000001dd50000,0x000000001de50000)]
  0x000000001d438800 JavaThread "Service Thread" daemon [_thread_blocked, id=16252, stack(0x000000001d810000,0x000000001d910000)]
  0x000000001baca000 JavaThread "C1 CompilerThread2" daemon [_thread_blocked, id=16336, stack(0x000000001d310000,0x000000001d410000)]
  0x000000001babb000 JavaThread "C2 CompilerThread1" daemon [_thread_blocked, id=9100, stack(0x000000001d210000,0x000000001d310000)]
  0x000000001bab5800 JavaThread "C2 CompilerThread0" daemon [_thread_blocked, id=3916, stack(0x000000001d110000,0x000000001d210000)]
  0x000000001bab3000 JavaThread "Attach Listener" daemon [_thread_blocked, id=8348, stack(0x000000001d010000,0x000000001d110000)]
  0x000000001bab1800 JavaThread "Signal Dispatcher" daemon [_thread_blocked, id=18632, stack(0x000000001cf10000,0x000000001d010000)]
  0x000000000246a800 JavaThread "Finalizer" daemon [_thread_blocked, id=6736, stack(0x000000001cd10000,0x000000001ce10000)]
  0x0000000002462000 JavaThread "Reference Handler" daemon [_thread_blocked, id=14644, stack(0x000000001cc10000,0x000000001cd10000)]
=>0x000000000252e800 JavaThread "main" [_thread_in_vm, id=16928, stack(0x0000000002240000,0x0000000002340000)]

Other Threads:
  0x000000001ba77000 VMThread [stack: 0x000000001cb10000,0x000000001cc10000] [id=2804]
  0x000000001bb0e800 WatcherThread [stack: 0x000000001d910000,0x000000001da10000] [id=18228]

VM state:not at safepoint (normal execution)

VM Mutex/Monitor currently owned by a thread: None

heap address: 0x00000006c2200000, size: 4062 MB, Compressed Oops mode: Zero based, Oop shift amount: 3
Narrow klass base: 0x0000000000000000, Narrow klass shift: 3
Compressed class space size: 1073741824 Address: 0x00000007c0000000

Heap:
 PSYoungGen      total 75776K, used 5202K [0x000000076b600000, 0x0000000770a80000, 0x00000007c0000000)
  eden space 65024K, 8% used [0x000000076b600000,0x000000076bb14800,0x000000076f580000)
  from space 10752K, 0% used [0x0000000770000000,0x0000000770000000,0x0000000770a80000)
  to   space 10752K, 0% used [0x000000076f580000,0x000000076f580000,0x0000000770000000)
 ParOldGen       total 173568K, used 0K [0x00000006c2200000, 0x00000006ccb80000, 0x000000076b600000)
  object space 173568K, 0% used [0x00000006c2200000,0x00000006c2200000,0x00000006ccb80000)
 Metaspace       used 4500K, capacity 4920K, committed 4992K, reserved 1056768K
  class space    used 508K, capacity 578K, committed 640K, reserved 1048576K

Card table byte_map: [0x00000000118f0000,0x00000000120e0000] byte_map_base: 0x000000000e2df000

Marking Bits: (ParMarkBitMap*) 0x0000000075fc5ce0
 Begin Bits: [0x0000000012a30000, 0x00000000169a8000)
 End Bits:   [0x00000000169a8000, 0x000000001a920000)

Polling page: 0x0000000002350000

CodeCache: size=245760Kb used=1744Kb max_used=1744Kb free=244015Kb
 bounds [0x0000000002530000, 0x00000000027a0000, 0x0000000011530000]
 total_blobs=618 nmethods=326 adapters=205
 compilation: enabled

Compilation events (10 events):
Event: 0.393 Thread 0x000000001baca000  323  s!   3       sun.misc.URLClassPath::getLoader (243 bytes)
Event: 0.395 Thread 0x000000001baca000 nmethod 323 0x00000000026ddcd0 code [0x00000000026de100, 0x00000000026e0e98]
Event: 0.395 Thread 0x000000001baca000  322  s    3       sun.misc.URLClassPath::getNextLoader (88 bytes)
Event: 0.395 Thread 0x000000001baca000 nmethod 322 0x00000000026e2ad0 code [0x00000000026e2ca0, 0x00000000026e3548]
Event: 0.395 Thread 0x000000001baca000  324       1       java.net.URL::getQuery (5 bytes)
Event: 0.395 Thread 0x000000001baca000 nmethod 324 0x00000000026e3a10 code [0x00000000026e3b60, 0x00000000026e3c70]
Event: 0.397 Thread 0x000000001baca000  325       3       java.util.concurrent.ConcurrentHashMap::casTabAt (20 bytes)
Event: 0.397 Thread 0x000000001baca000 nmethod 325 0x00000000026e3ed0 code [0x00000000026e4020, 0x00000000026e41b0]
Event: 0.397 Thread 0x000000001baca000  326       3       java.util.concurrent.ConcurrentHashMap$Node::<init> (26 bytes)
Event: 0.397 Thread 0x000000001baca000 nmethod 326 0x00000000026e4250 code [0x00000000026e43a0, 0x00000000026e45b0]

GC Heap History (0 events):
No events

Deoptimization events (1 events):
Event: 0.380 Thread 0x000000000252e800 Uncommon trap: reason=unstable_if action=reinterpret pc=0x0000000002687ed4 method=java.lang.String.lastIndexOf(II)I @ 23

Classes redefined (0 events):
No events

Internal exceptions (4 events):
Event: 0.031 Thread 0x000000000252e800 Exception <a 'java/lang/NoSuchMethodError': Method sun.misc.Unsafe.defineClass(Ljava/lang/String;[BII)Ljava/lang/Class; name or signature does not match> (0x000000076b607cb0) thrown at [C:\re\workspace\8-2-build-windows-amd64-cygwin\jdk8u202\12323\hotspot
Event: 0.031 Thread 0x000000000252e800 Exception <a 'java/lang/NoSuchMethodError': Method sun.misc.Unsafe.prefetchRead(Ljava/lang/Object;J)V name or signature does not match> (0x000000076b607f98) thrown at [C:\re\workspace\8-2-build-windows-amd64-cygwin\jdk8u202\12323\hotspot\src\share\vm\prim
Event: 0.363 Thread 0x000000000252e800 Exception <a 'java/lang/NoSuchFieldError': method resolution failed> (0x000000076b9e6ba0) thrown at [C:\re\workspace\8-2-build-windows-amd64-cygwin\jdk8u202\12323\hotspot\src\share\vm\prims\methodHandles.cpp, line 1167]
Event: 0.365 Thread 0x000000000252e800 Exception <a 'java/lang/NoSuchFieldError': method resolution failed> (0x000000076b9f3f70) thrown at [C:\re\workspace\8-2-build-windows-amd64-cygwin\jdk8u202\12323\hotspot\src\share\vm\prims\methodHandles.cpp, line 1167]

Events (10 events):
Event: 0.394 loading class coordinate/memory/layout/LayoutPath
Event: 0.394 loading class coordinate/memory/layout/LayoutPath done
Event: 0.394 loading class coordinate/memory/layout/LayoutMemory$1
Event: 0.394 loading class coordinate/memory/layout/LayoutMemory$1 done
Event: 0.396 loading class coordinate/memory/layout/ValueState
Event: 0.396 loading class coordinate/memory/layout/ValueState done
Event: 0.397 loading class java/util/function/Supplier
Event: 0.397 loading class java/util/function/Supplier done
Event: 0.397 loading class java/lang/invoke/InnerClassLambdaMetafactory$1
Event: 0.397 loading class java/lang/invoke/InnerClassLambdaMetafactory$1 done


Dynamic libraries:
0x00007ff6cb910000 - 0x00007ff6cb947000 	C:\Program Files\Java\jdk1.8.0_202\bin\java.exe
0x00007ffbd4e50000 - 0x00007ffbd5048000 	C:\WINDOWS\SYSTEM32\ntdll.dll
0x00007ffbd3780000 - 0x00007ffbd383d000 	C:\WINDOWS\System32\KERNEL32.DLL
0x00007ffbd26c0000 - 0x00007ffbd29b6000 	C:\WINDOWS\System32\KERNELBASE.dll
0x00007ffbd35c0000 - 0x00007ffbd366e000 	C:\WINDOWS\System32\ADVAPI32.dll
0x00007ffbd3840000 - 0x00007ffbd38de000 	C:\WINDOWS\System32\msvcrt.dll
0x00007ffbd3670000 - 0x00007ffbd370c000 	C:\WINDOWS\System32\sechost.dll
0x00007ffbd3aa0000 - 0x00007ffbd3bc6000 	C:\WINDOWS\System32\RPCRT4.dll
0x00007ffbd40a0000 - 0x00007ffbd423e000 	C:\WINDOWS\System32\USER32.dll
0x00007ffbd2de0000 - 0x00007ffbd2e02000 	C:\WINDOWS\System32\win32u.dll
0x00007ffbd4240000 - 0x00007ffbd426c000 	C:\WINDOWS\System32\GDI32.dll
0x00007ffbd2a60000 - 0x00007ffbd2b7a000 	C:\WINDOWS\System32\gdi32full.dll
0x00007ffbd2e10000 - 0x00007ffbd2ead000 	C:\WINDOWS\System32\msvcp_win.dll
0x00007ffbd2530000 - 0x00007ffbd2630000 	C:\WINDOWS\System32\ucrtbase.dll
0x00007ffbbd490000 - 0x00007ffbbd72a000 	C:\WINDOWS\WinSxS\amd64_microsoft.windows.common-controls_6595b64144ccf1df_6.0.19041.1110_none_60b5254171f9507e\COMCTL32.dll
0x00007ffbd3a70000 - 0x00007ffbd3aa0000 	C:\WINDOWS\System32\IMM32.DLL
0x00000000756c0000 - 0x0000000075792000 	C:\Program Files\Java\jdk1.8.0_202\jre\bin\msvcr100.dll
0x00000000757a0000 - 0x0000000076045000 	C:\Program Files\Java\jdk1.8.0_202\jre\bin\server\jvm.dll
0x00007ffbd31f0000 - 0x00007ffbd31f8000 	C:\WINDOWS\System32\PSAPI.DLL
0x00007ffbcdf10000 - 0x00007ffbcdf19000 	C:\WINDOWS\SYSTEM32\WSOCK32.dll
0x00007ffbd3710000 - 0x00007ffbd377b000 	C:\WINDOWS\System32\WS2_32.dll
0x00007ffbcd510000 - 0x00007ffbcd537000 	C:\WINDOWS\SYSTEM32\WINMM.dll
0x00007ffbcc370000 - 0x00007ffbcc37a000 	C:\WINDOWS\SYSTEM32\VERSION.dll
0x00007ffbcd7e0000 - 0x00007ffbcd7ef000 	C:\Program Files\Java\jdk1.8.0_202\jre\bin\verify.dll
0x00007ffbccf70000 - 0x00007ffbccf99000 	C:\Program Files\Java\jdk1.8.0_202\jre\bin\java.dll
0x00007ffbcd4f0000 - 0x00007ffbcd506000 	C:\Program Files\Java\jdk1.8.0_202\jre\bin\zip.dll
0x00007ffbd42f0000 - 0x00007ffbd4a35000 	C:\WINDOWS\System32\SHELL32.dll
0x00007ffbd05e0000 - 0x00007ffbd0d7b000 	C:\WINDOWS\SYSTEM32\windows.storage.dll
0x00007ffbd4ab0000 - 0x00007ffbd4e04000 	C:\WINDOWS\System32\combase.dll
0x00007ffbd1ea0000 - 0x00007ffbd1ece000 	C:\WINDOWS\SYSTEM32\Wldp.dll
0x00007ffbd2eb0000 - 0x00007ffbd2f5d000 	C:\WINDOWS\System32\SHCORE.dll
0x00007ffbd4a50000 - 0x00007ffbd4aa5000 	C:\WINDOWS\System32\shlwapi.dll
0x00007ffbd2460000 - 0x00007ffbd2485000 	C:\WINDOWS\SYSTEM32\profapi.dll
0x00007ffbd1df0000 - 0x00007ffbd1e08000 	C:\WINDOWS\SYSTEM32\CRYPTSP.dll
0x00007ffbd1510000 - 0x00007ffbd1544000 	C:\WINDOWS\system32\rsaenh.dll
0x00007ffbd29c0000 - 0x00007ffbd29e7000 	C:\WINDOWS\System32\bcrypt.dll
0x00007ffbd23e0000 - 0x00007ffbd240e000 	C:\WINDOWS\SYSTEM32\USERENV.dll
0x00007ffbd2630000 - 0x00007ffbd26b2000 	C:\WINDOWS\System32\bcryptprimitives.dll
0x00007ffbd1e10000 - 0x00007ffbd1e1c000 	C:\WINDOWS\SYSTEM32\CRYPTBASE.dll
0x00007ffbcd4b0000 - 0x00007ffbcd4ca000 	C:\Program Files\Java\jdk1.8.0_202\jre\bin\net.dll
0x00007ffbc1c10000 - 0x00007ffbc1dfd000 	C:\WINDOWS\SYSTEM32\urlmon.dll
0x00007ffbc1f40000 - 0x00007ffbc21fc000 	C:\WINDOWS\SYSTEM32\iertutil.dll
0x00007ffbc1be0000 - 0x00007ffbc1c09000 	C:\WINDOWS\SYSTEM32\srvcli.dll
0x00007ffbd1a50000 - 0x00007ffbd1a5c000 	C:\WINDOWS\SYSTEM32\netutils.dll
0x00007ffbd1c00000 - 0x00007ffbd1c6a000 	C:\WINDOWS\system32\mswsock.dll
0x00007ffbd18f0000 - 0x00007ffbd192b000 	C:\WINDOWS\SYSTEM32\IPHLPAPI.DLL
0x00007ffbd4a40000 - 0x00007ffbd4a48000 	C:\WINDOWS\System32\NSI.dll
0x00007ffbc9670000 - 0x00007ffbc9687000 	C:\WINDOWS\SYSTEM32\dhcpcsvc6.DLL
0x00007ffbcb290000 - 0x00007ffbcb2ad000 	C:\WINDOWS\SYSTEM32\dhcpcsvc.DLL
0x00007ffbd1930000 - 0x00007ffbd19fa000 	C:\WINDOWS\SYSTEM32\DNSAPI.dll
0x00007ffbccf20000 - 0x00007ffbccf32000 	C:\Program Files\Java\jdk1.8.0_202\jre\bin\nio.dll
0x00007ffbca650000 - 0x00007ffbca834000 	C:\WINDOWS\SYSTEM32\dbghelp.dll

VM Arguments:
jvm_args: -Dfile.encoding=UTF-8 
java_command: memlayout.Test
java_class_path (initial): C:\Users\user\Documents\Java\JNA\jna-5.8.0.jar;C:\Users\user\Documents\Java\JNA\jna-platform-5.8.0.jar;C:\Users\user\Documents\GitHub\Coordinate\build\classes;C:\Users\user\Documents\GitHub\Coordinate\build\test\classes
Launcher Type: SUN_STANDARD

Environment Variables:
JAVA_HOME=C:\Program Files\Java\jdk1.8.0_144
PATH=C:\Program Files (x86)\Common Files\Intel\Shared Libraries\redist\intel64\mpirt;C:\Program Files (x86)\Common Files\Intel\Shared Libraries\redist\intel64\compiler;C:\Program Files (x86)\Common Files\Oracle\Java\javapath;C:\ProgramData\Oracle\Java\javapath;C:\WINDOWS\system32;C:\WINDOWS;C:\WINDOWS\System32\Wbem;C:\WINDOWS\System32\WindowsPowerShell\v1.0\;C:\Program Files\LuxRender;C:\WINDOWS\System32\OpenSSH\;C:\Program Files\apache-maven-3.6.3\bin;C:\Program Files\Microsoft SQL Server\120\Tools\Binn\;C:\Program Files\nodejs\;C:\Users\user\AppData\Local\Microsoft\WindowsApps;C:\Users\user\AppData\Local\GitHubDesktop\bin;C:\Users\user\AppData\Local\Microsoft\WindowsApps;;C:\Users\user\AppData\Local\Programs\Microsoft VS Code\bin;C:\Users\user\AppData\Roaming\npm
USERNAME=user
OS=Windows_NT
PROCESSOR_IDENTIFIER=Intel64 Family 6 Model 94 Stepping 3, GenuineIntel



---------------  S Y S T E M  ---------------

OS: Windows 10.0 , 64 bit Build 19041 (10.0.19041.3393)

CPU:total 4 (initial active 4) (4 cores per cpu, 1 threads per core) family 6 model 94 stepping 3, cmov, cx8, fxsr, mmx, sse, sse2, sse3, ssse3, sse4.1, sse4.2, popcnt, avx, avx2, aes, clmul, erms, 3dnowpref, lzcnt, tsc, tscinvbit, bmi1, bmi2, adx

Memory: 4k page, physical 16633860k(4884072k free), swap 21614596k(8144948k free)

vm_info: Java HotSpot(TM) 64-Bit Server VM (25.202-b08) for windows-amd64 JRE (1.8.0_202-b08), built on Dec 15 2018 19:54:30 by "java_re" with MS VC++ 10.0 (VS2010)

time: Sun Sep 24 00:14:55 2023
timezone: E. Africa Standard Time
elapsed time: 0 seconds (0d 0h 0m 0s)

